{"/home/rabi/mobile_apps_dev/SE_19/project27/SmartphoneApps/Saarromanus/App.js": {"path":"/home/rabi/mobile_apps_dev/SE_19/project27/SmartphoneApps/Saarromanus/App.js","statementMap":{"0":{"start":{"line":22,"column":18},"end":{"line":36,"column":1}},"1":{"start":{"line":38,"column":12},"end":{"line":38,"column":41}},"2":{"start":{"line":41,"column":1},"end":{"line":41,"column":22}},"3":{"start":{"line":43,"column":1},"end":{"line":51,"column":3}}},"fnMap":{"0":{"name":"(anonymous_0)","decl":{"start":{"line":40,"column":15},"end":{"line":40,"column":16}},"loc":{"start":{"line":40,"column":26},"end":{"line":52,"column":1}},"line":40}},"branchMap":{},"s":{"0":0,"1":0,"2":0,"3":0},"f":{"0":0},"b":{},"hash":"7f2bc3c6d9cb649e148a0e0db8842df7814cc641"}
,"/home/rabi/mobile_apps_dev/SE_19/project27/SmartphoneApps/Saarromanus/App.t.e.s.t.js": {"path":"/home/rabi/mobile_apps_dev/SE_19/project27/SmartphoneApps/Saarromanus/App.t.e.s.t.js","statementMap":{"0":{"start":{"line":8,"column":0},"end":{"line":46,"column":3}},"1":{"start":{"line":13,"column":1},"end":{"line":15,"column":4}},"2":{"start":{"line":14,"column":2},"end":{"line":14,"column":29}},"3":{"start":{"line":17,"column":1},"end":{"line":20,"column":4}},"4":{"start":{"line":18,"column":2},"end":{"line":18,"column":36}},"5":{"start":{"line":22,"column":1},"end":{"line":29,"column":4}},"6":{"start":{"line":23,"column":2},"end":{"line":25,"column":5}},"7":{"start":{"line":24,"column":3},"end":{"line":24,"column":55}},"8":{"start":{"line":26,"column":2},"end":{"line":28,"column":5}},"9":{"start":{"line":27,"column":3},"end":{"line":27,"column":66}},"10":{"start":{"line":31,"column":1},"end":{"line":35,"column":4}},"11":{"start":{"line":32,"column":2},"end":{"line":34,"column":5}},"12":{"start":{"line":33,"column":3},"end":{"line":33,"column":60}},"13":{"start":{"line":36,"column":1},"end":{"line":40,"column":4}},"14":{"start":{"line":37,"column":2},"end":{"line":39,"column":5}},"15":{"start":{"line":38,"column":3},"end":{"line":38,"column":70}},"16":{"start":{"line":41,"column":1},"end":{"line":45,"column":4}},"17":{"start":{"line":42,"column":2},"end":{"line":44,"column":5}},"18":{"start":{"line":43,"column":3},"end":{"line":43,"column":68}}},"fnMap":{"0":{"name":"(anonymous_0)","decl":{"start":{"line":8,"column":19},"end":{"line":8,"column":20}},"loc":{"start":{"line":8,"column":25},"end":{"line":46,"column":1}},"line":8},"1":{"name":"(anonymous_1)","decl":{"start":{"line":13,"column":12},"end":{"line":13,"column":13}},"loc":{"start":{"line":13,"column":18},"end":{"line":15,"column":2}},"line":13},"2":{"name":"(anonymous_2)","decl":{"start":{"line":17,"column":25},"end":{"line":17,"column":26}},"loc":{"start":{"line":17,"column":31},"end":{"line":20,"column":2}},"line":17},"3":{"name":"(anonymous_3)","decl":{"start":{"line":22,"column":30},"end":{"line":22,"column":31}},"loc":{"start":{"line":22,"column":36},"end":{"line":29,"column":2}},"line":22},"4":{"name":"(anonymous_4)","decl":{"start":{"line":23,"column":49},"end":{"line":23,"column":50}},"loc":{"start":{"line":23,"column":55},"end":{"line":25,"column":3}},"line":23},"5":{"name":"(anonymous_5)","decl":{"start":{"line":26,"column":95},"end":{"line":26,"column":96}},"loc":{"start":{"line":26,"column":101},"end":{"line":28,"column":3}},"line":26},"6":{"name":"(anonymous_6)","decl":{"start":{"line":31,"column":21},"end":{"line":31,"column":22}},"loc":{"start":{"line":31,"column":27},"end":{"line":35,"column":2}},"line":31},"7":{"name":"(anonymous_7)","decl":{"start":{"line":32,"column":41},"end":{"line":32,"column":42}},"loc":{"start":{"line":32,"column":47},"end":{"line":34,"column":3}},"line":32},"8":{"name":"(anonymous_8)","decl":{"start":{"line":36,"column":31},"end":{"line":36,"column":32}},"loc":{"start":{"line":36,"column":37},"end":{"line":40,"column":2}},"line":36},"9":{"name":"(anonymous_9)","decl":{"start":{"line":37,"column":57},"end":{"line":37,"column":58}},"loc":{"start":{"line":37,"column":63},"end":{"line":39,"column":3}},"line":37},"10":{"name":"(anonymous_10)","decl":{"start":{"line":41,"column":29},"end":{"line":41,"column":30}},"loc":{"start":{"line":41,"column":35},"end":{"line":45,"column":2}},"line":41},"11":{"name":"(anonymous_11)","decl":{"start":{"line":42,"column":55},"end":{"line":42,"column":56}},"loc":{"start":{"line":42,"column":61},"end":{"line":44,"column":3}},"line":42}},"branchMap":{},"s":{"0":0,"1":0,"2":0,"3":0,"4":0,"5":0,"6":0,"7":0,"8":0,"9":0,"10":0,"11":0,"12":0,"13":0,"14":0,"15":0,"16":0,"17":0,"18":0},"f":{"0":0,"1":0,"2":0,"3":0,"4":0,"5":0,"6":0,"7":0,"8":0,"9":0,"10":0,"11":0},"b":{},"hash":"9b082d918c0c43f076d0108279465339a2366059"}
,"/home/rabi/mobile_apps_dev/SE_19/project27/SmartphoneApps/Saarromanus/src/actions/app-config.js": {"path":"/home/rabi/mobile_apps_dev/SE_19/project27/SmartphoneApps/Saarromanus/src/actions/app-config.js","statementMap":{"0":{"start":{"line":1,"column":35},"end":{"line":1,"column":56}},"1":{"start":{"line":2,"column":42},"end":{"line":2,"column":70}},"2":{"start":{"line":3,"column":35},"end":{"line":3,"column":56}},"3":{"start":{"line":4,"column":35},"end":{"line":4,"column":56}},"4":{"start":{"line":5,"column":35},"end":{"line":5,"column":56}},"5":{"start":{"line":6,"column":26},"end":{"line":6,"column":38}},"6":{"start":{"line":7,"column":26},"end":{"line":7,"column":38}},"7":{"start":{"line":9,"column":33},"end":{"line":11,"column":1}},"8":{"start":{"line":10,"column":1},"end":{"line":10,"column":38}},"9":{"start":{"line":13,"column":39},"end":{"line":15,"column":1}},"10":{"start":{"line":14,"column":1},"end":{"line":14,"column":54}},"11":{"start":{"line":17,"column":33},"end":{"line":19,"column":1}},"12":{"start":{"line":18,"column":1},"end":{"line":18,"column":47}},"13":{"start":{"line":21,"column":33},"end":{"line":23,"column":1}},"14":{"start":{"line":22,"column":1},"end":{"line":22,"column":38}},"15":{"start":{"line":25,"column":33},"end":{"line":27,"column":1}},"16":{"start":{"line":26,"column":1},"end":{"line":26,"column":38}},"17":{"start":{"line":29,"column":25},"end":{"line":31,"column":1}},"18":{"start":{"line":30,"column":1},"end":{"line":30,"column":29}},"19":{"start":{"line":33,"column":25},"end":{"line":35,"column":1}},"20":{"start":{"line":34,"column":1},"end":{"line":34,"column":38}}},"fnMap":{"0":{"name":"(anonymous_0)","decl":{"start":{"line":9,"column":33},"end":{"line":9,"column":34}},"loc":{"start":{"line":9,"column":39},"end":{"line":11,"column":1}},"line":9},"1":{"name":"(anonymous_1)","decl":{"start":{"line":13,"column":39},"end":{"line":13,"column":40}},"loc":{"start":{"line":13,"column":50},"end":{"line":15,"column":1}},"line":13},"2":{"name":"(anonymous_2)","decl":{"start":{"line":17,"column":33},"end":{"line":17,"column":34}},"loc":{"start":{"line":17,"column":44},"end":{"line":19,"column":1}},"line":17},"3":{"name":"(anonymous_3)","decl":{"start":{"line":21,"column":33},"end":{"line":21,"column":34}},"loc":{"start":{"line":21,"column":39},"end":{"line":23,"column":1}},"line":21},"4":{"name":"(anonymous_4)","decl":{"start":{"line":25,"column":33},"end":{"line":25,"column":34}},"loc":{"start":{"line":25,"column":39},"end":{"line":27,"column":1}},"line":25},"5":{"name":"(anonymous_5)","decl":{"start":{"line":29,"column":25},"end":{"line":29,"column":26}},"loc":{"start":{"line":29,"column":31},"end":{"line":31,"column":1}},"line":29},"6":{"name":"(anonymous_6)","decl":{"start":{"line":33,"column":25},"end":{"line":33,"column":26}},"loc":{"start":{"line":33,"column":36},"end":{"line":35,"column":1}},"line":33}},"branchMap":{},"s":{"0":9,"1":9,"2":9,"3":9,"4":9,"5":9,"6":9,"7":9,"8":0,"9":9,"10":0,"11":9,"12":0,"13":9,"14":15,"15":9,"16":15,"17":9,"18":0,"19":9,"20":10},"f":{"0":0,"1":0,"2":0,"3":15,"4":15,"5":0,"6":10},"b":{},"_coverageSchema":"43e27e138ebf9cfc5966b082cf9a028302ed4184","hash":"7baffd74c7b1c9d9db3d6e15f0afd1ab5f29d355"}
,"/home/rabi/mobile_apps_dev/SE_19/project27/SmartphoneApps/Saarromanus/src/actions/language.js": {"path":"/home/rabi/mobile_apps_dev/SE_19/project27/SmartphoneApps/Saarromanus/src/actions/language.js","statementMap":{"0":{"start":{"line":1,"column":31},"end":{"line":1,"column":48}},"1":{"start":{"line":2,"column":31},"end":{"line":2,"column":48}},"2":{"start":{"line":3,"column":30},"end":{"line":3,"column":46}},"3":{"start":{"line":5,"column":30},"end":{"line":7,"column":1}},"4":{"start":{"line":6,"column":1},"end":{"line":6,"column":53}},"5":{"start":{"line":9,"column":30},"end":{"line":11,"column":1}},"6":{"start":{"line":10,"column":1},"end":{"line":10,"column":34}},"7":{"start":{"line":13,"column":29},"end":{"line":15,"column":1}},"8":{"start":{"line":14,"column":1},"end":{"line":14,"column":52}}},"fnMap":{"0":{"name":"(anonymous_0)","decl":{"start":{"line":5,"column":30},"end":{"line":5,"column":31}},"loc":{"start":{"line":5,"column":42},"end":{"line":7,"column":1}},"line":5},"1":{"name":"(anonymous_1)","decl":{"start":{"line":9,"column":30},"end":{"line":9,"column":31}},"loc":{"start":{"line":9,"column":36},"end":{"line":11,"column":1}},"line":9},"2":{"name":"(anonymous_2)","decl":{"start":{"line":13,"column":29},"end":{"line":13,"column":30}},"loc":{"start":{"line":13,"column":41},"end":{"line":15,"column":1}},"line":13}},"branchMap":{},"s":{"0":2,"1":2,"2":2,"3":2,"4":0,"5":2,"6":0,"7":2,"8":0},"f":{"0":0,"1":0,"2":0},"b":{},"_coverageSchema":"43e27e138ebf9cfc5966b082cf9a028302ed4184","hash":"fa3d7fbdf4be997e325a3e98192b60739267d2b6"}
,"/home/rabi/mobile_apps_dev/SE_19/project27/SmartphoneApps/Saarromanus/src/actions/routes.js": {"path":"/home/rabi/mobile_apps_dev/SE_19/project27/SmartphoneApps/Saarromanus/src/actions/routes.js","statementMap":{"0":{"start":{"line":1,"column":30},"end":{"line":1,"column":46}},"1":{"start":{"line":2,"column":25},"end":{"line":2,"column":36}},"2":{"start":{"line":3,"column":35},"end":{"line":3,"column":56}},"3":{"start":{"line":4,"column":30},"end":{"line":4,"column":46}},"4":{"start":{"line":6,"column":28},"end":{"line":6,"column":60}},"5":{"start":{"line":6,"column":35},"end":{"line":6,"column":59}},"6":{"start":{"line":8,"column":24},"end":{"line":8,"column":65}},"7":{"start":{"line":8,"column":36},"end":{"line":8,"column":64}},"8":{"start":{"line":10,"column":33},"end":{"line":13,"column":2}},"9":{"start":{"line":10,"column":45},"end":{"line":13,"column":1}},"10":{"start":{"line":14,"column":29},"end":{"line":17,"column":2}},"11":{"start":{"line":14,"column":41},"end":{"line":17,"column":1}}},"fnMap":{"0":{"name":"(anonymous_0)","decl":{"start":{"line":6,"column":28},"end":{"line":6,"column":29}},"loc":{"start":{"line":6,"column":35},"end":{"line":6,"column":59}},"line":6},"1":{"name":"(anonymous_1)","decl":{"start":{"line":8,"column":24},"end":{"line":8,"column":25}},"loc":{"start":{"line":8,"column":36},"end":{"line":8,"column":64}},"line":8},"2":{"name":"(anonymous_2)","decl":{"start":{"line":10,"column":33},"end":{"line":10,"column":34}},"loc":{"start":{"line":10,"column":45},"end":{"line":13,"column":1}},"line":10},"3":{"name":"(anonymous_3)","decl":{"start":{"line":14,"column":29},"end":{"line":14,"column":30}},"loc":{"start":{"line":14,"column":41},"end":{"line":17,"column":1}},"line":14}},"branchMap":{},"s":{"0":4,"1":4,"2":4,"3":4,"4":4,"5":0,"6":4,"7":0,"8":4,"9":2,"10":4,"11":2},"f":{"0":0,"1":0,"2":2,"3":2},"b":{},"_coverageSchema":"43e27e138ebf9cfc5966b082cf9a028302ed4184","hash":"f6e8caf18b1f785ac1bcab2c77b49f6a2e9477d7"}
,"/home/rabi/mobile_apps_dev/SE_19/project27/SmartphoneApps/Saarromanus/src/actions/sights.js": {"path":"/home/rabi/mobile_apps_dev/SE_19/project27/SmartphoneApps/Saarromanus/src/actions/sights.js","statementMap":{"0":{"start":{"line":1,"column":36},"end":{"line":1,"column":58}},"1":{"start":{"line":2,"column":41},"end":{"line":2,"column":68}},"2":{"start":{"line":3,"column":38},"end":{"line":3,"column":62}},"3":{"start":{"line":4,"column":43},"end":{"line":4,"column":72}},"4":{"start":{"line":5,"column":25},"end":{"line":5,"column":36}},"5":{"start":{"line":6,"column":30},"end":{"line":6,"column":46}},"6":{"start":{"line":8,"column":34},"end":{"line":8,"column":72}},"7":{"start":{"line":8,"column":41},"end":{"line":8,"column":71}},"8":{"start":{"line":10,"column":35},"end":{"line":13,"column":2}},"9":{"start":{"line":10,"column":47},"end":{"line":13,"column":1}},"10":{"start":{"line":15,"column":24},"end":{"line":18,"column":2}},"11":{"start":{"line":15,"column":36},"end":{"line":18,"column":1}},"12":{"start":{"line":20,"column":39},"end":{"line":23,"column":2}},"13":{"start":{"line":20,"column":51},"end":{"line":23,"column":1}},"14":{"start":{"line":25,"column":40},"end":{"line":28,"column":2}},"15":{"start":{"line":25,"column":52},"end":{"line":28,"column":1}},"16":{"start":{"line":30,"column":29},"end":{"line":33,"column":2}},"17":{"start":{"line":30,"column":41},"end":{"line":33,"column":1}}},"fnMap":{"0":{"name":"(anonymous_0)","decl":{"start":{"line":8,"column":34},"end":{"line":8,"column":35}},"loc":{"start":{"line":8,"column":41},"end":{"line":8,"column":71}},"line":8},"1":{"name":"(anonymous_1)","decl":{"start":{"line":10,"column":35},"end":{"line":10,"column":36}},"loc":{"start":{"line":10,"column":47},"end":{"line":13,"column":1}},"line":10},"2":{"name":"(anonymous_2)","decl":{"start":{"line":15,"column":24},"end":{"line":15,"column":25}},"loc":{"start":{"line":15,"column":36},"end":{"line":18,"column":1}},"line":15},"3":{"name":"(anonymous_3)","decl":{"start":{"line":20,"column":39},"end":{"line":20,"column":40}},"loc":{"start":{"line":20,"column":51},"end":{"line":23,"column":1}},"line":20},"4":{"name":"(anonymous_4)","decl":{"start":{"line":25,"column":40},"end":{"line":25,"column":41}},"loc":{"start":{"line":25,"column":52},"end":{"line":28,"column":1}},"line":25},"5":{"name":"(anonymous_5)","decl":{"start":{"line":30,"column":29},"end":{"line":30,"column":30}},"loc":{"start":{"line":30,"column":41},"end":{"line":33,"column":1}},"line":30}},"branchMap":{},"s":{"0":6,"1":6,"2":6,"3":6,"4":6,"5":6,"6":6,"7":0,"8":6,"9":0,"10":6,"11":0,"12":6,"13":2,"14":6,"15":2,"16":6,"17":2},"f":{"0":0,"1":0,"2":0,"3":2,"4":2,"5":2},"b":{},"_coverageSchema":"43e27e138ebf9cfc5966b082cf9a028302ed4184","hash":"8c3479f63ae0b96c18ad3dca03c7e87969d4dff9"}
,"/home/rabi/mobile_apps_dev/SE_19/project27/SmartphoneApps/Saarromanus/src/apis/cms.js": {"path":"/home/rabi/mobile_apps_dev/SE_19/project27/SmartphoneApps/Saarromanus/src/apis/cms.js","statementMap":{},"fnMap":{},"branchMap":{},"s":{},"f":{},"b":{},"_coverageSchema":"43e27e138ebf9cfc5966b082cf9a028302ed4184","hash":"6306719c256e4178e24e38332dafdf17141ee79c"}
,"/home/rabi/mobile_apps_dev/SE_19/project27/SmartphoneApps/Saarromanus/src/components/app-guide/component.js": {"path":"/home/rabi/mobile_apps_dev/SE_19/project27/SmartphoneApps/Saarromanus/src/components/app-guide/component.js","statementMap":{"0":{"start":{"line":11,"column":17},"end":{"line":35,"column":1}},"1":{"start":{"line":12,"column":1},"end":{"line":34,"column":3}}},"fnMap":{"0":{"name":"(anonymous_0)","decl":{"start":{"line":11,"column":17},"end":{"line":11,"column":18}},"loc":{"start":{"line":11,"column":35},"end":{"line":35,"column":1}},"line":11}},"branchMap":{},"s":{"0":1,"1":0},"f":{"0":0},"b":{},"_coverageSchema":"43e27e138ebf9cfc5966b082cf9a028302ed4184","hash":"030dcb013ef5b30f131b525a22b75c6a9aad4751"}
,"/home/rabi/mobile_apps_dev/SE_19/project27/SmartphoneApps/Saarromanus/src/components/app-guide/index.js": {"path":"/home/rabi/mobile_apps_dev/SE_19/project27/SmartphoneApps/Saarromanus/src/components/app-guide/index.js","statementMap":{},"fnMap":{},"branchMap":{},"s":{},"f":{},"b":{},"_coverageSchema":"43e27e138ebf9cfc5966b082cf9a028302ed4184","hash":"0c566f8f17380ba8002a7754548c8ff49c631b3d"}
,"/home/rabi/mobile_apps_dev/SE_19/project27/SmartphoneApps/Saarromanus/src/components/app-guide/styles.js": {"path":"/home/rabi/mobile_apps_dev/SE_19/project27/SmartphoneApps/Saarromanus/src/components/app-guide/styles.js","statementMap":{},"fnMap":{},"branchMap":{},"s":{},"f":{},"b":{},"_coverageSchema":"43e27e138ebf9cfc5966b082cf9a028302ed4184","hash":"32b40c15122b3f3b9086cf8574f59ce457794dfb"}
,"/home/rabi/mobile_apps_dev/SE_19/project27/SmartphoneApps/Saarromanus/src/components/audio-player/component.js": {"path":"/home/rabi/mobile_apps_dev/SE_19/project27/SmartphoneApps/Saarromanus/src/components/audio-player/component.js","statementMap":{"0":{"start":{"line":9,"column":20},"end":{"line":69,"column":1}},"1":{"start":{"line":10,"column":41},"end":{"line":10,"column":55}},"2":{"start":{"line":11,"column":39},"end":{"line":11,"column":51}},"3":{"start":{"line":12,"column":35},"end":{"line":12,"column":50}},"4":{"start":{"line":14,"column":20},"end":{"line":25,"column":2}},"5":{"start":{"line":15,"column":2},"end":{"line":24,"column":3}},"6":{"start":{"line":16,"column":3},"end":{"line":16,"column":28}},"7":{"start":{"line":17,"column":3},"end":{"line":17,"column":23}},"8":{"start":{"line":18,"column":9},"end":{"line":24,"column":3}},"9":{"start":{"line":19,"column":3},"end":{"line":19,"column":27}},"10":{"start":{"line":20,"column":3},"end":{"line":20,"column":22}},"11":{"start":{"line":22,"column":3},"end":{"line":22,"column":40}},"12":{"start":{"line":23,"column":3},"end":{"line":23,"column":26}},"13":{"start":{"line":27,"column":1},"end":{"line":46,"column":20}},"14":{"start":{"line":28,"column":20},"end":{"line":42,"column":3}},"15":{"start":{"line":29,"column":18},"end":{"line":29,"column":51}},"16":{"start":{"line":30,"column":3},"end":{"line":41,"column":4}},"17":{"start":{"line":34,"column":8},"end":{"line":36,"column":6}},"18":{"start":{"line":37,"column":4},"end":{"line":37,"column":29}},"19":{"start":{"line":38,"column":4},"end":{"line":38,"column":35}},"20":{"start":{"line":40,"column":4},"end":{"line":40,"column":23}},"21":{"start":{"line":43,"column":2},"end":{"line":45,"column":3}},"22":{"start":{"line":44,"column":3},"end":{"line":44,"column":15}},"23":{"start":{"line":48,"column":1},"end":{"line":52,"column":4}},"24":{"start":{"line":49,"column":2},"end":{"line":51,"column":4}},"25":{"start":{"line":50,"column":3},"end":{"line":50,"column":40}},"26":{"start":{"line":54,"column":1},"end":{"line":68,"column":3}},"27":{"start":{"line":57,"column":4},"end":{"line":65,"column":6}}},"fnMap":{"0":{"name":"(anonymous_0)","decl":{"start":{"line":9,"column":20},"end":{"line":9,"column":21}},"loc":{"start":{"line":9,"column":36},"end":{"line":69,"column":1}},"line":9},"1":{"name":"(anonymous_1)","decl":{"start":{"line":14,"column":20},"end":{"line":14,"column":21}},"loc":{"start":{"line":14,"column":29},"end":{"line":25,"column":2}},"line":14},"2":{"name":"(anonymous_2)","decl":{"start":{"line":27,"column":11},"end":{"line":27,"column":12}},"loc":{"start":{"line":27,"column":17},"end":{"line":46,"column":2}},"line":27},"3":{"name":"(anonymous_3)","decl":{"start":{"line":28,"column":20},"end":{"line":28,"column":21}},"loc":{"start":{"line":28,"column":32},"end":{"line":42,"column":3}},"line":28},"4":{"name":"(anonymous_4)","decl":{"start":{"line":48,"column":11},"end":{"line":48,"column":12}},"loc":{"start":{"line":48,"column":17},"end":{"line":52,"column":2}},"line":48},"5":{"name":"(anonymous_5)","decl":{"start":{"line":49,"column":9},"end":{"line":49,"column":10}},"loc":{"start":{"line":49,"column":15},"end":{"line":51,"column":3}},"line":49},"6":{"name":"(anonymous_6)","decl":{"start":{"line":56,"column":15},"end":{"line":56,"column":16}},"loc":{"start":{"line":56,"column":33},"end":{"line":66,"column":4}},"line":56}},"branchMap":{"0":{"loc":{"start":{"line":15,"column":2},"end":{"line":24,"column":3}},"type":"if","locations":[{"start":{"line":15,"column":2},"end":{"line":24,"column":3}},{"start":{"line":15,"column":2},"end":{"line":24,"column":3}}],"line":15},"1":{"loc":{"start":{"line":15,"column":6},"end":{"line":15,"column":41}},"type":"binary-expr","locations":[{"start":{"line":15,"column":6},"end":{"line":15,"column":28}},{"start":{"line":15,"column":32},"end":{"line":15,"column":41}}],"line":15},"2":{"loc":{"start":{"line":18,"column":9},"end":{"line":24,"column":3}},"type":"if","locations":[{"start":{"line":18,"column":9},"end":{"line":24,"column":3}},{"start":{"line":18,"column":9},"end":{"line":24,"column":3}}],"line":18},"3":{"loc":{"start":{"line":18,"column":13},"end":{"line":18,"column":49}},"type":"binary-expr","locations":[{"start":{"line":18,"column":13},"end":{"line":18,"column":35}},{"start":{"line":18,"column":39},"end":{"line":18,"column":49}}],"line":18},"4":{"loc":{"start":{"line":22,"column":3},"end":{"line":22,"column":39}},"type":"binary-expr","locations":[{"start":{"line":22,"column":3},"end":{"line":22,"column":12}},{"start":{"line":22,"column":16},"end":{"line":22,"column":39}}],"line":22},"5":{"loc":{"start":{"line":43,"column":2},"end":{"line":45,"column":3}},"type":"if","locations":[{"start":{"line":43,"column":2},"end":{"line":45,"column":3}},{"start":{"line":43,"column":2},"end":{"line":45,"column":3}}],"line":43},"6":{"loc":{"start":{"line":50,"column":3},"end":{"line":50,"column":39}},"type":"binary-expr","locations":[{"start":{"line":50,"column":3},"end":{"line":50,"column":12}},{"start":{"line":50,"column":16},"end":{"line":50,"column":39}}],"line":50}},"s":{"0":1,"1":0,"2":0,"3":0,"4":0,"5":0,"6":0,"7":0,"8":0,"9":0,"10":0,"11":0,"12":0,"13":0,"14":0,"15":0,"16":0,"17":0,"18":0,"19":0,"20":0,"21":0,"22":0,"23":0,"24":0,"25":0,"26":0,"27":0},"f":{"0":0,"1":0,"2":0,"3":0,"4":0,"5":0,"6":0},"b":{"0":[0,0],"1":[0,0],"2":[0,0],"3":[0,0],"4":[0,0],"5":[0,0],"6":[0,0]},"_coverageSchema":"43e27e138ebf9cfc5966b082cf9a028302ed4184","hash":"41d6d857d511eb46e4690d84b2789f9bcfe7a7f2"}
,"/home/rabi/mobile_apps_dev/SE_19/project27/SmartphoneApps/Saarromanus/src/components/audio-player/index.js": {"path":"/home/rabi/mobile_apps_dev/SE_19/project27/SmartphoneApps/Saarromanus/src/components/audio-player/index.js","statementMap":{},"fnMap":{},"branchMap":{},"s":{},"f":{},"b":{},"_coverageSchema":"43e27e138ebf9cfc5966b082cf9a028302ed4184","hash":"e47e1b534e93c3aca0b1c48256accdf0e4ada86f"}
,"/home/rabi/mobile_apps_dev/SE_19/project27/SmartphoneApps/Saarromanus/src/components/audio-player/styles.js": {"path":"/home/rabi/mobile_apps_dev/SE_19/project27/SmartphoneApps/Saarromanus/src/components/audio-player/styles.js","statementMap":{},"fnMap":{},"branchMap":{},"s":{},"f":{},"b":{},"_coverageSchema":"43e27e138ebf9cfc5966b082cf9a028302ed4184","hash":"3224336211ee7e31fb6c2493406ec10bc55650f9"}
,"/home/rabi/mobile_apps_dev/SE_19/project27/SmartphoneApps/Saarromanus/src/components/helpers/label_with_icon/component.js": {"path":"/home/rabi/mobile_apps_dev/SE_19/project27/SmartphoneApps/Saarromanus/src/components/helpers/label_with_icon/component.js","statementMap":{"0":{"start":{"line":17,"column":18},"end":{"line":20,"column":7}},"1":{"start":{"line":18,"column":2},"end":{"line":20,"column":7}},"2":{"start":{"line":21,"column":1},"end":{"line":52,"column":3}}},"fnMap":{"0":{"name":"(anonymous_0)","decl":{"start":{"line":7,"column":15},"end":{"line":7,"column":16}},"loc":{"start":{"line":16,"column":6},"end":{"line":53,"column":1}},"line":16},"1":{"name":"(anonymous_1)","decl":{"start":{"line":17,"column":18},"end":{"line":17,"column":19}},"loc":{"start":{"line":18,"column":2},"end":{"line":20,"column":7}},"line":18}},"branchMap":{"0":{"loc":{"start":{"line":10,"column":1},"end":{"line":10,"column":19}},"type":"default-arg","locations":[{"start":{"line":10,"column":17},"end":{"line":10,"column":19}}],"line":10},"1":{"loc":{"start":{"line":11,"column":1},"end":{"line":11,"column":27}},"type":"default-arg","locations":[{"start":{"line":11,"column":19},"end":{"line":11,"column":27}}],"line":11},"2":{"loc":{"start":{"line":12,"column":1},"end":{"line":12,"column":18}},"type":"default-arg","locations":[{"start":{"line":12,"column":13},"end":{"line":12,"column":18}}],"line":12},"3":{"loc":{"start":{"line":13,"column":1},"end":{"line":13,"column":28}},"type":"default-arg","locations":[{"start":{"line":13,"column":24},"end":{"line":13,"column":28}}],"line":13},"4":{"loc":{"start":{"line":14,"column":1},"end":{"line":14,"column":28}},"type":"default-arg","locations":[{"start":{"line":14,"column":19},"end":{"line":14,"column":28}}],"line":14},"5":{"loc":{"start":{"line":15,"column":1},"end":{"line":15,"column":17}},"type":"default-arg","locations":[{"start":{"line":15,"column":12},"end":{"line":15,"column":17}}],"line":15},"6":{"loc":{"start":{"line":18,"column":2},"end":{"line":20,"column":7}},"type":"cond-expr","locations":[{"start":{"line":19,"column":5},"end":{"line":19,"column":60}},{"start":{"line":20,"column":5},"end":{"line":20,"column":7}}],"line":18},"7":{"loc":{"start":{"line":29,"column":10},"end":{"line":29,"column":26}},"type":"cond-expr","locations":[{"start":{"line":29,"column":21},"end":{"line":29,"column":22}},{"start":{"line":29,"column":25},"end":{"line":29,"column":26}}],"line":29},"8":{"loc":{"start":{"line":40,"column":22},"end":{"line":40,"column":62}},"type":"cond-expr","locations":[{"start":{"line":40,"column":56},"end":{"line":40,"column":57}},{"start":{"line":40,"column":60},"end":{"line":40,"column":62}}],"line":40},"9":{"loc":{"start":{"line":40,"column":22},"end":{"line":40,"column":53}},"type":"binary-expr","locations":[{"start":{"line":40,"column":22},"end":{"line":40,"column":42}},{"start":{"line":40,"column":46},"end":{"line":40,"column":53}}],"line":40},"10":{"loc":{"start":{"line":50,"column":4},"end":{"line":50,"column":57}},"type":"binary-expr","locations":[{"start":{"line":50,"column":4},"end":{"line":50,"column":13}},{"start":{"line":50,"column":17},"end":{"line":50,"column":57}}],"line":50}},"s":{"0":0,"1":0,"2":0},"f":{"0":0,"1":0},"b":{"0":[0],"1":[0],"2":[0],"3":[0],"4":[0],"5":[0],"6":[0,0],"7":[0,0],"8":[0,0],"9":[0,0],"10":[0,0]},"_coverageSchema":"43e27e138ebf9cfc5966b082cf9a028302ed4184","hash":"482f0a38e836b1ff7922e3b11354e0fcf583bf1f"}
,"/home/rabi/mobile_apps_dev/SE_19/project27/SmartphoneApps/Saarromanus/src/components/helpers/label_with_icon/index.js": {"path":"/home/rabi/mobile_apps_dev/SE_19/project27/SmartphoneApps/Saarromanus/src/components/helpers/label_with_icon/index.js","statementMap":{},"fnMap":{},"branchMap":{},"s":{},"f":{},"b":{},"_coverageSchema":"43e27e138ebf9cfc5966b082cf9a028302ed4184","hash":"150e0d10da440c1fba8b82b141004901cbd2894e"}
,"/home/rabi/mobile_apps_dev/SE_19/project27/SmartphoneApps/Saarromanus/src/components/helpers/space-left/component.js": {"path":"/home/rabi/mobile_apps_dev/SE_19/project27/SmartphoneApps/Saarromanus/src/components/helpers/space-left/component.js","statementMap":{"0":{"start":{"line":5,"column":1},"end":{"line":12,"column":3}}},"fnMap":{"0":{"name":"(anonymous_0)","decl":{"start":{"line":4,"column":15},"end":{"line":4,"column":16}},"loc":{"start":{"line":4,"column":45},"end":{"line":13,"column":1}},"line":4}},"branchMap":{"0":{"loc":{"start":{"line":4,"column":18},"end":{"line":4,"column":28}},"type":"default-arg","locations":[{"start":{"line":4,"column":26},"end":{"line":4,"column":28}}],"line":4}},"s":{"0":0},"f":{"0":0},"b":{"0":[0]},"_coverageSchema":"43e27e138ebf9cfc5966b082cf9a028302ed4184","hash":"3a9c21df28f388793d3463e99efc7d80fc82b210"}
,"/home/rabi/mobile_apps_dev/SE_19/project27/SmartphoneApps/Saarromanus/src/components/helpers/space-left/index.js": {"path":"/home/rabi/mobile_apps_dev/SE_19/project27/SmartphoneApps/Saarromanus/src/components/helpers/space-left/index.js","statementMap":{},"fnMap":{},"branchMap":{},"s":{},"f":{},"b":{},"_coverageSchema":"43e27e138ebf9cfc5966b082cf9a028302ed4184","hash":"ff0e40048ce67072986cdf47200b7370c8f9b275"}
,"/home/rabi/mobile_apps_dev/SE_19/project27/SmartphoneApps/Saarromanus/src/components/helpers/space-vertical/component.js": {"path":"/home/rabi/mobile_apps_dev/SE_19/project27/SmartphoneApps/Saarromanus/src/components/helpers/space-vertical/component.js","statementMap":{"0":{"start":{"line":5,"column":1},"end":{"line":12,"column":3}}},"fnMap":{"0":{"name":"(anonymous_0)","decl":{"start":{"line":4,"column":15},"end":{"line":4,"column":16}},"loc":{"start":{"line":4,"column":45},"end":{"line":13,"column":1}},"line":4}},"branchMap":{"0":{"loc":{"start":{"line":4,"column":18},"end":{"line":4,"column":28}},"type":"default-arg","locations":[{"start":{"line":4,"column":26},"end":{"line":4,"column":28}}],"line":4}},"s":{"0":0},"f":{"0":0},"b":{"0":[0]},"hash":"30921639870b6007540bfd32a5758c78dd42bb4d"}
,"/home/rabi/mobile_apps_dev/SE_19/project27/SmartphoneApps/Saarromanus/src/components/helpers/space-vertical/index.js": {"path":"/home/rabi/mobile_apps_dev/SE_19/project27/SmartphoneApps/Saarromanus/src/components/helpers/space-vertical/index.js","statementMap":{},"fnMap":{},"branchMap":{},"s":{},"f":{},"b":{},"hash":"96bb4351084172852c4bcee897ef0f29d65128a3"}
,"/home/rabi/mobile_apps_dev/SE_19/project27/SmartphoneApps/Saarromanus/src/components/helpers/vertical-separator/component.js": {"path":"/home/rabi/mobile_apps_dev/SE_19/project27/SmartphoneApps/Saarromanus/src/components/helpers/vertical-separator/component.js","statementMap":{"0":{"start":{"line":5,"column":1},"end":{"line":14,"column":3}}},"fnMap":{"0":{"name":"(anonymous_0)","decl":{"start":{"line":4,"column":15},"end":{"line":4,"column":16}},"loc":{"start":{"line":4,"column":43},"end":{"line":15,"column":1}},"line":4}},"branchMap":{"0":{"loc":{"start":{"line":4,"column":18},"end":{"line":4,"column":36}},"type":"default-arg","locations":[{"start":{"line":4,"column":35},"end":{"line":4,"column":36}}],"line":4}},"s":{"0":0},"f":{"0":0},"b":{"0":[0]},"_coverageSchema":"43e27e138ebf9cfc5966b082cf9a028302ed4184","hash":"2e2f100275e8d56afe96f3d99944f560e4eaf86d"}
,"/home/rabi/mobile_apps_dev/SE_19/project27/SmartphoneApps/Saarromanus/src/components/helpers/vertical-separator/index.js": {"path":"/home/rabi/mobile_apps_dev/SE_19/project27/SmartphoneApps/Saarromanus/src/components/helpers/vertical-separator/index.js","statementMap":{},"fnMap":{},"branchMap":{},"s":{},"f":{},"b":{},"_coverageSchema":"43e27e138ebf9cfc5966b082cf9a028302ed4184","hash":"df2bf6327a2f79bb35784dd8f11479dbb2bf5548"}
,"/home/rabi/mobile_apps_dev/SE_19/project27/SmartphoneApps/Saarromanus/src/components/image-gallery/component.js": {"path":"/home/rabi/mobile_apps_dev/SE_19/project27/SmartphoneApps/Saarromanus/src/components/image-gallery/component.js","statementMap":{"0":{"start":{"line":6,"column":21},"end":{"line":46,"column":1}},"1":{"start":{"line":7,"column":41},"end":{"line":7,"column":55}},"2":{"start":{"line":9,"column":41},"end":{"line":9,"column":56}},"3":{"start":{"line":11,"column":1},"end":{"line":45,"column":3}},"4":{"start":{"line":14,"column":4},"end":{"line":27,"column":23}},"5":{"start":{"line":18,"column":6},"end":{"line":18,"column":52}},"6":{"start":{"line":33,"column":26},"end":{"line":33,"column":48}}},"fnMap":{"0":{"name":"(anonymous_0)","decl":{"start":{"line":6,"column":21},"end":{"line":6,"column":22}},"loc":{"start":{"line":6,"column":37},"end":{"line":46,"column":1}},"line":6},"1":{"name":"(anonymous_1)","decl":{"start":{"line":13,"column":15},"end":{"line":13,"column":16}},"loc":{"start":{"line":14,"column":4},"end":{"line":27,"column":23}},"line":14},"2":{"name":"(anonymous_2)","decl":{"start":{"line":17,"column":14},"end":{"line":17,"column":15}},"loc":{"start":{"line":17,"column":20},"end":{"line":19,"column":6}},"line":17},"3":{"name":"(anonymous_3)","decl":{"start":{"line":33,"column":20},"end":{"line":33,"column":21}},"loc":{"start":{"line":33,"column":26},"end":{"line":33,"column":48}},"line":33}},"branchMap":{"0":{"loc":{"start":{"line":35,"column":6},"end":{"line":41,"column":6}},"type":"binary-expr","locations":[{"start":{"line":35,"column":6},"end":{"line":35,"column":18}},{"start":{"line":36,"column":6},"end":{"line":40,"column":8}}],"line":35}},"s":{"0":1,"1":0,"2":0,"3":0,"4":0,"5":0,"6":0},"f":{"0":0,"1":0,"2":0,"3":0},"b":{"0":[0,0]},"_coverageSchema":"43e27e138ebf9cfc5966b082cf9a028302ed4184","hash":"f53c8a91e78b831b5afca67c206c7e0fdf36ccb6"}
,"/home/rabi/mobile_apps_dev/SE_19/project27/SmartphoneApps/Saarromanus/src/components/image-gallery/index.js": {"path":"/home/rabi/mobile_apps_dev/SE_19/project27/SmartphoneApps/Saarromanus/src/components/image-gallery/index.js","statementMap":{},"fnMap":{},"branchMap":{},"s":{},"f":{},"b":{},"_coverageSchema":"43e27e138ebf9cfc5966b082cf9a028302ed4184","hash":"d5e91a3c9ad835bc451c0983c640ffb548dd1e99"}
,"/home/rabi/mobile_apps_dev/SE_19/project27/SmartphoneApps/Saarromanus/src/components/image-gallery/styles.js": {"path":"/home/rabi/mobile_apps_dev/SE_19/project27/SmartphoneApps/Saarromanus/src/components/image-gallery/styles.js","statementMap":{},"fnMap":{},"branchMap":{},"s":{},"f":{},"b":{},"_coverageSchema":"43e27e138ebf9cfc5966b082cf9a028302ed4184","hash":"d05f2ea33f444266ecd47b42f4b617ecf6430562"}
,"/home/rabi/mobile_apps_dev/SE_19/project27/SmartphoneApps/Saarromanus/src/components/route-map/component.js": {"path":"/home/rabi/mobile_apps_dev/SE_19/project27/SmartphoneApps/Saarromanus/src/components/route-map/component.js","statementMap":{"0":{"start":{"line":12,"column":32},"end":{"line":40,"column":1}},"1":{"start":{"line":15,"column":1},"end":{"line":20,"column":15}},"2":{"start":{"line":16,"column":2},"end":{"line":16,"column":24}},"3":{"start":{"line":17,"column":2},"end":{"line":17,"column":24}},"4":{"start":{"line":18,"column":2},"end":{"line":18,"column":25}},"5":{"start":{"line":19,"column":2},"end":{"line":19,"column":25}},"6":{"start":{"line":22,"column":1},"end":{"line":27,"column":4}},"7":{"start":{"line":23,"column":2},"end":{"line":23,"column":40}},"8":{"start":{"line":24,"column":2},"end":{"line":24,"column":40}},"9":{"start":{"line":25,"column":2},"end":{"line":25,"column":41}},"10":{"start":{"line":26,"column":2},"end":{"line":26,"column":41}},"11":{"start":{"line":29,"column":14},"end":{"line":29,"column":31}},"12":{"start":{"line":30,"column":14},"end":{"line":30,"column":31}},"13":{"start":{"line":31,"column":16},"end":{"line":31,"column":27}},"14":{"start":{"line":32,"column":16},"end":{"line":32,"column":27}},"15":{"start":{"line":34,"column":1},"end":{"line":39,"column":3}},"16":{"start":{"line":41,"column":17},"end":{"line":85,"column":1}},"17":{"start":{"line":42,"column":43},"end":{"line":42,"column":55}},"18":{"start":{"line":44,"column":1},"end":{"line":46,"column":17}},"19":{"start":{"line":45,"column":2},"end":{"line":45,"column":55}},"20":{"start":{"line":47,"column":1},"end":{"line":84,"column":3}},"21":{"start":{"line":52,"column":6},"end":{"line":56,"column":8}},"22":{"start":{"line":60,"column":34},"end":{"line":63,"column":8}},"23":{"start":{"line":79,"column":6},"end":{"line":79,"column":36}}},"fnMap":{"0":{"name":"(anonymous_0)","decl":{"start":{"line":12,"column":32},"end":{"line":12,"column":33}},"loc":{"start":{"line":12,"column":42},"end":{"line":40,"column":1}},"line":12},"1":{"name":"(anonymous_1)","decl":{"start":{"line":15,"column":2},"end":{"line":15,"column":3}},"loc":{"start":{"line":15,"column":11},"end":{"line":20,"column":2}},"line":15},"2":{"name":"(anonymous_2)","decl":{"start":{"line":22,"column":12},"end":{"line":22,"column":13}},"loc":{"start":{"line":22,"column":21},"end":{"line":27,"column":2}},"line":22},"3":{"name":"(anonymous_3)","decl":{"start":{"line":41,"column":17},"end":{"line":41,"column":18}},"loc":{"start":{"line":41,"column":58},"end":{"line":85,"column":1}},"line":41},"4":{"name":"(anonymous_4)","decl":{"start":{"line":44,"column":11},"end":{"line":44,"column":12}},"loc":{"start":{"line":44,"column":17},"end":{"line":46,"column":2}},"line":44},"5":{"name":"(anonymous_5)","decl":{"start":{"line":51,"column":17},"end":{"line":51,"column":18}},"loc":{"start":{"line":52,"column":6},"end":{"line":56,"column":8}},"line":52},"6":{"name":"(anonymous_6)","decl":{"start":{"line":60,"column":24},"end":{"line":60,"column":25}},"loc":{"start":{"line":60,"column":34},"end":{"line":63,"column":8}},"line":60},"7":{"name":"(anonymous_7)","decl":{"start":{"line":78,"column":14},"end":{"line":78,"column":15}},"loc":{"start":{"line":78,"column":20},"end":{"line":80,"column":6}},"line":78}},"branchMap":{"0":{"loc":{"start":{"line":49,"column":4},"end":{"line":73,"column":4}},"type":"binary-expr","locations":[{"start":{"line":49,"column":4},"end":{"line":49,"column":26}},{"start":{"line":50,"column":4},"end":{"line":72,"column":14}}],"line":49}},"s":{"0":1,"1":0,"2":0,"3":0,"4":0,"5":0,"6":0,"7":0,"8":0,"9":0,"10":0,"11":0,"12":0,"13":0,"14":0,"15":0,"16":1,"17":0,"18":0,"19":0,"20":0,"21":0,"22":0,"23":0},"f":{"0":0,"1":0,"2":0,"3":0,"4":0,"5":0,"6":0,"7":0},"b":{"0":[0,0]},"_coverageSchema":"43e27e138ebf9cfc5966b082cf9a028302ed4184","hash":"81e18e3d8e6d4dbccaf319f5b38860ade755366a"}
,"/home/rabi/mobile_apps_dev/SE_19/project27/SmartphoneApps/Saarromanus/src/components/route-map/index.js": {"path":"/home/rabi/mobile_apps_dev/SE_19/project27/SmartphoneApps/Saarromanus/src/components/route-map/index.js","statementMap":{},"fnMap":{},"branchMap":{},"s":{},"f":{},"b":{},"_coverageSchema":"43e27e138ebf9cfc5966b082cf9a028302ed4184","hash":"2ab66faab8dcf153546615ca081d18929d29c567"}
,"/home/rabi/mobile_apps_dev/SE_19/project27/SmartphoneApps/Saarromanus/src/components/route-map/styles.js": {"path":"/home/rabi/mobile_apps_dev/SE_19/project27/SmartphoneApps/Saarromanus/src/components/route-map/styles.js","statementMap":{},"fnMap":{},"branchMap":{},"s":{},"f":{},"b":{},"_coverageSchema":"43e27e138ebf9cfc5966b082cf9a028302ed4184","hash":"6df6d226dd507d0cb648aea44aa07b65b088fa35"}
,"/home/rabi/mobile_apps_dev/SE_19/project27/SmartphoneApps/Saarromanus/src/components/select-language/component.js": {"path":"/home/rabi/mobile_apps_dev/SE_19/project27/SmartphoneApps/Saarromanus/src/components/select-language/component.js","statementMap":{"0":{"start":{"line":11,"column":23},"end":{"line":72,"column":1}},"1":{"start":{"line":12,"column":28},"end":{"line":53,"column":2}},"2":{"start":{"line":13,"column":30},"end":{"line":13,"column":57}},"3":{"start":{"line":14,"column":18},"end":{"line":14,"column":20}},"4":{"start":{"line":15,"column":2},"end":{"line":51,"column":5}},"5":{"start":{"line":16,"column":3},"end":{"line":50,"column":5}},"6":{"start":{"line":39,"column":7},"end":{"line":39,"column":27}},"7":{"start":{"line":52,"column":2},"end":{"line":52,"column":17}},"8":{"start":{"line":55,"column":1},"end":{"line":71,"column":3}}},"fnMap":{"0":{"name":"(anonymous_0)","decl":{"start":{"line":11,"column":23},"end":{"line":11,"column":24}},"loc":{"start":{"line":11,"column":56},"end":{"line":72,"column":1}},"line":11},"1":{"name":"(anonymous_1)","decl":{"start":{"line":12,"column":28},"end":{"line":12,"column":29}},"loc":{"start":{"line":12,"column":34},"end":{"line":53,"column":2}},"line":12},"2":{"name":"(anonymous_2)","decl":{"start":{"line":15,"column":30},"end":{"line":15,"column":31}},"loc":{"start":{"line":15,"column":38},"end":{"line":51,"column":3}},"line":15},"3":{"name":"(anonymous_3)","decl":{"start":{"line":38,"column":15},"end":{"line":38,"column":16}},"loc":{"start":{"line":38,"column":21},"end":{"line":40,"column":7}},"line":38}},"branchMap":{"0":{"loc":{"start":{"line":17,"column":4},"end":{"line":49,"column":5}},"type":"cond-expr","locations":[{"start":{"line":18,"column":5},"end":{"line":35,"column":24}},{"start":{"line":37,"column":5},"end":{"line":48,"column":24}}],"line":17}},"s":{"0":1,"1":0,"2":0,"3":0,"4":0,"5":0,"6":0,"7":0,"8":0},"f":{"0":0,"1":0,"2":0,"3":0},"b":{"0":[0,0]},"_coverageSchema":"43e27e138ebf9cfc5966b082cf9a028302ed4184","hash":"c89be679a9ae8db636e760ee46830cf20780d5cf"}
,"/home/rabi/mobile_apps_dev/SE_19/project27/SmartphoneApps/Saarromanus/src/components/select-language/index.js": {"path":"/home/rabi/mobile_apps_dev/SE_19/project27/SmartphoneApps/Saarromanus/src/components/select-language/index.js","statementMap":{},"fnMap":{},"branchMap":{},"s":{},"f":{},"b":{},"_coverageSchema":"43e27e138ebf9cfc5966b082cf9a028302ed4184","hash":"aa00252ae1a5894cd23ed9270130d09a0c62ed00"}
,"/home/rabi/mobile_apps_dev/SE_19/project27/SmartphoneApps/Saarromanus/src/components/select-language/styles.js": {"path":"/home/rabi/mobile_apps_dev/SE_19/project27/SmartphoneApps/Saarromanus/src/components/select-language/styles.js","statementMap":{},"fnMap":{},"branchMap":{},"s":{},"f":{},"b":{},"_coverageSchema":"43e27e138ebf9cfc5966b082cf9a028302ed4184","hash":"56c2c02a89d82fb260c3c8d99f988dfa26b3093e"}
,"/home/rabi/mobile_apps_dev/SE_19/project27/SmartphoneApps/Saarromanus/src/components/sights-list/component.js": {"path":"/home/rabi/mobile_apps_dev/SE_19/project27/SmartphoneApps/Saarromanus/src/components/sights-list/component.js","statementMap":{"0":{"start":{"line":8,"column":19},"end":{"line":27,"column":1}},"1":{"start":{"line":9,"column":1},"end":{"line":26,"column":3}},"2":{"start":{"line":13,"column":27},"end":{"line":13,"column":40}},"3":{"start":{"line":15,"column":5},"end":{"line":22,"column":7}}},"fnMap":{"0":{"name":"(anonymous_0)","decl":{"start":{"line":8,"column":19},"end":{"line":8,"column":20}},"loc":{"start":{"line":8,"column":43},"end":{"line":27,"column":1}},"line":8},"1":{"name":"(anonymous_1)","decl":{"start":{"line":13,"column":18},"end":{"line":13,"column":19}},"loc":{"start":{"line":13,"column":27},"end":{"line":13,"column":40}},"line":13},"2":{"name":"(anonymous_2)","decl":{"start":{"line":14,"column":16},"end":{"line":14,"column":17}},"loc":{"start":{"line":14,"column":30},"end":{"line":23,"column":5}},"line":14}},"branchMap":{},"s":{"0":2,"1":0,"2":0,"3":0},"f":{"0":0,"1":0,"2":0},"b":{},"_coverageSchema":"43e27e138ebf9cfc5966b082cf9a028302ed4184","hash":"3a37167036674e0321b7d30dcbed4570560cab43"}
,"/home/rabi/mobile_apps_dev/SE_19/project27/SmartphoneApps/Saarromanus/src/components/sights-list/index.js": {"path":"/home/rabi/mobile_apps_dev/SE_19/project27/SmartphoneApps/Saarromanus/src/components/sights-list/index.js","statementMap":{},"fnMap":{},"branchMap":{},"s":{},"f":{},"b":{},"_coverageSchema":"43e27e138ebf9cfc5966b082cf9a028302ed4184","hash":"fc2b4c2943e91c99620d0b41d5afc5328defc896"}
,"/home/rabi/mobile_apps_dev/SE_19/project27/SmartphoneApps/Saarromanus/src/components/sights-list/styles.js": {"path":"/home/rabi/mobile_apps_dev/SE_19/project27/SmartphoneApps/Saarromanus/src/components/sights-list/styles.js","statementMap":{},"fnMap":{},"branchMap":{},"s":{},"f":{},"b":{},"_coverageSchema":"43e27e138ebf9cfc5966b082cf9a028302ed4184","hash":"d8f097ff2cf4caa61d4e166122bb03982afee093"}
,"/home/rabi/mobile_apps_dev/SE_19/project27/SmartphoneApps/Saarromanus/src/components/single-audio/component.js": {"path":"/home/rabi/mobile_apps_dev/SE_19/project27/SmartphoneApps/Saarromanus/src/components/single-audio/component.js","statementMap":{"0":{"start":{"line":8,"column":20},"end":{"line":32,"column":1}},"1":{"start":{"line":9,"column":1},"end":{"line":31,"column":3}},"2":{"start":{"line":27,"column":5},"end":{"line":27,"column":19}}},"fnMap":{"0":{"name":"(anonymous_0)","decl":{"start":{"line":8,"column":20},"end":{"line":8,"column":21}},"loc":{"start":{"line":8,"column":58},"end":{"line":32,"column":1}},"line":8},"1":{"name":"(anonymous_1)","decl":{"start":{"line":26,"column":13},"end":{"line":26,"column":14}},"loc":{"start":{"line":26,"column":19},"end":{"line":28,"column":5}},"line":26}},"branchMap":{"0":{"loc":{"start":{"line":16,"column":5},"end":{"line":18,"column":29}},"type":"cond-expr","locations":[{"start":{"line":17,"column":8},"end":{"line":17,"column":30}},{"start":{"line":18,"column":8},"end":{"line":18,"column":29}}],"line":16},"1":{"loc":{"start":{"line":16,"column":5},"end":{"line":16,"column":54}},"type":"binary-expr","locations":[{"start":{"line":16,"column":5},"end":{"line":16,"column":21}},{"start":{"line":16,"column":25},"end":{"line":16,"column":54}}],"line":16},"2":{"loc":{"start":{"line":22,"column":5},"end":{"line":24,"column":15}},"type":"cond-expr","locations":[{"start":{"line":23,"column":8},"end":{"line":23,"column":13}},{"start":{"line":24,"column":8},"end":{"line":24,"column":15}}],"line":22},"3":{"loc":{"start":{"line":22,"column":5},"end":{"line":22,"column":54}},"type":"binary-expr","locations":[{"start":{"line":22,"column":5},"end":{"line":22,"column":21}},{"start":{"line":22,"column":25},"end":{"line":22,"column":54}}],"line":22}},"s":{"0":1,"1":0,"2":0},"f":{"0":0,"1":0},"b":{"0":[0,0],"1":[0,0],"2":[0,0],"3":[0,0]},"_coverageSchema":"43e27e138ebf9cfc5966b082cf9a028302ed4184","hash":"52f96b4f676b41ed98e619902e54b60ba2c31a27"}
,"/home/rabi/mobile_apps_dev/SE_19/project27/SmartphoneApps/Saarromanus/src/components/single-audio/index.js": {"path":"/home/rabi/mobile_apps_dev/SE_19/project27/SmartphoneApps/Saarromanus/src/components/single-audio/index.js","statementMap":{},"fnMap":{},"branchMap":{},"s":{},"f":{},"b":{},"_coverageSchema":"43e27e138ebf9cfc5966b082cf9a028302ed4184","hash":"32d81afa9bf9936e66ec3028a627dab47f411894"}
,"/home/rabi/mobile_apps_dev/SE_19/project27/SmartphoneApps/Saarromanus/src/components/single-audio/styles.js": {"path":"/home/rabi/mobile_apps_dev/SE_19/project27/SmartphoneApps/Saarromanus/src/components/single-audio/styles.js","statementMap":{},"fnMap":{},"branchMap":{},"s":{},"f":{},"b":{},"_coverageSchema":"43e27e138ebf9cfc5966b082cf9a028302ed4184","hash":"c3eb4a29bdc600a5a83e44d9d7b8ab6937d35b83"}
,"/home/rabi/mobile_apps_dev/SE_19/project27/SmartphoneApps/Saarromanus/src/components/single-category/component.js": {"path":"/home/rabi/mobile_apps_dev/SE_19/project27/SmartphoneApps/Saarromanus/src/components/single-category/component.js","statementMap":{"0":{"start":{"line":10,"column":23},"end":{"line":31,"column":1}},"1":{"start":{"line":11,"column":1},"end":{"line":30,"column":3}},"2":{"start":{"line":15,"column":4},"end":{"line":18,"column":6}}},"fnMap":{"0":{"name":"(anonymous_0)","decl":{"start":{"line":10,"column":23},"end":{"line":10,"column":24}},"loc":{"start":{"line":10,"column":71},"end":{"line":31,"column":1}},"line":10},"1":{"name":"(anonymous_1)","decl":{"start":{"line":14,"column":12},"end":{"line":14,"column":13}},"loc":{"start":{"line":15,"column":4},"end":{"line":18,"column":6}},"line":15}},"branchMap":{},"s":{"0":1,"1":0,"2":0},"f":{"0":0,"1":0},"b":{},"_coverageSchema":"43e27e138ebf9cfc5966b082cf9a028302ed4184","hash":"7086514d3eb6d39305631047548e2441dcdf351d"}
,"/home/rabi/mobile_apps_dev/SE_19/project27/SmartphoneApps/Saarromanus/src/components/single-category/index.js": {"path":"/home/rabi/mobile_apps_dev/SE_19/project27/SmartphoneApps/Saarromanus/src/components/single-category/index.js","statementMap":{},"fnMap":{},"branchMap":{},"s":{},"f":{},"b":{},"_coverageSchema":"43e27e138ebf9cfc5966b082cf9a028302ed4184","hash":"fd56b1eeecebd846c61c244b62cd21226e1b4a59"}
,"/home/rabi/mobile_apps_dev/SE_19/project27/SmartphoneApps/Saarromanus/src/components/single-category/styles.js": {"path":"/home/rabi/mobile_apps_dev/SE_19/project27/SmartphoneApps/Saarromanus/src/components/single-category/styles.js","statementMap":{},"fnMap":{},"branchMap":{},"s":{},"f":{},"b":{},"_coverageSchema":"43e27e138ebf9cfc5966b082cf9a028302ed4184","hash":"b27b059a3a4be780775d557d4c3ec78ffbb6bb37"}
,"/home/rabi/mobile_apps_dev/SE_19/project27/SmartphoneApps/Saarromanus/src/components/single-sight/component.js": {"path":"/home/rabi/mobile_apps_dev/SE_19/project27/SmartphoneApps/Saarromanus/src/components/single-sight/component.js","statementMap":{"0":{"start":{"line":7,"column":20},"end":{"line":30,"column":1}},"1":{"start":{"line":8,"column":1},"end":{"line":29,"column":3}},"2":{"start":{"line":12,"column":4},"end":{"line":12,"column":56}}},"fnMap":{"0":{"name":"(anonymous_0)","decl":{"start":{"line":7,"column":20},"end":{"line":7,"column":21}},"loc":{"start":{"line":7,"column":74},"end":{"line":30,"column":1}},"line":7},"1":{"name":"(anonymous_1)","decl":{"start":{"line":11,"column":12},"end":{"line":11,"column":13}},"loc":{"start":{"line":12,"column":4},"end":{"line":12,"column":56}},"line":12}},"branchMap":{},"s":{"0":2,"1":0,"2":0},"f":{"0":0,"1":0},"b":{},"_coverageSchema":"43e27e138ebf9cfc5966b082cf9a028302ed4184","hash":"00a6bf7b9a312abf4b63c713efe6db455cc3ad4e"}
,"/home/rabi/mobile_apps_dev/SE_19/project27/SmartphoneApps/Saarromanus/src/components/single-sight/index.js": {"path":"/home/rabi/mobile_apps_dev/SE_19/project27/SmartphoneApps/Saarromanus/src/components/single-sight/index.js","statementMap":{},"fnMap":{},"branchMap":{},"s":{},"f":{},"b":{},"_coverageSchema":"43e27e138ebf9cfc5966b082cf9a028302ed4184","hash":"a71c3f91c2c8f3ed31caf2c81b068f69dcd79a4f"}
,"/home/rabi/mobile_apps_dev/SE_19/project27/SmartphoneApps/Saarromanus/src/components/single-sight/styles.js": {"path":"/home/rabi/mobile_apps_dev/SE_19/project27/SmartphoneApps/Saarromanus/src/components/single-sight/styles.js","statementMap":{},"fnMap":{},"branchMap":{},"s":{},"f":{},"b":{},"_coverageSchema":"43e27e138ebf9cfc5966b082cf9a028302ed4184","hash":"af825827a92e35ae60b6b5d978eec39a6c0d7478"}
,"/home/rabi/mobile_apps_dev/SE_19/project27/SmartphoneApps/Saarromanus/src/components/text-box/component.js": {"path":"/home/rabi/mobile_apps_dev/SE_19/project27/SmartphoneApps/Saarromanus/src/components/text-box/component.js","statementMap":{"0":{"start":{"line":10,"column":16},"end":{"line":27,"column":1}},"1":{"start":{"line":11,"column":1},"end":{"line":26,"column":3}}},"fnMap":{"0":{"name":"(anonymous_0)","decl":{"start":{"line":10,"column":16},"end":{"line":10,"column":17}},"loc":{"start":{"line":10,"column":39},"end":{"line":27,"column":1}},"line":10}},"branchMap":{"0":{"loc":{"start":{"line":13,"column":4},"end":{"line":23,"column":4}},"type":"binary-expr","locations":[{"start":{"line":13,"column":4},"end":{"line":13,"column":11}},{"start":{"line":14,"column":4},"end":{"line":22,"column":11}}],"line":13}},"s":{"0":1,"1":0},"f":{"0":0},"b":{"0":[0,0]},"_coverageSchema":"43e27e138ebf9cfc5966b082cf9a028302ed4184","hash":"d19f29aa8abde2941262758265154f8cba28c595"}
,"/home/rabi/mobile_apps_dev/SE_19/project27/SmartphoneApps/Saarromanus/src/components/text-box/index.js": {"path":"/home/rabi/mobile_apps_dev/SE_19/project27/SmartphoneApps/Saarromanus/src/components/text-box/index.js","statementMap":{},"fnMap":{},"branchMap":{},"s":{},"f":{},"b":{},"_coverageSchema":"43e27e138ebf9cfc5966b082cf9a028302ed4184","hash":"88bb50e34d40c5bfd9fdf96d68dba523735b1dfc"}
,"/home/rabi/mobile_apps_dev/SE_19/project27/SmartphoneApps/Saarromanus/src/components/text-box/styles.js": {"path":"/home/rabi/mobile_apps_dev/SE_19/project27/SmartphoneApps/Saarromanus/src/components/text-box/styles.js","statementMap":{},"fnMap":{},"branchMap":{},"s":{},"f":{},"b":{},"_coverageSchema":"43e27e138ebf9cfc5966b082cf9a028302ed4184","hash":"d4df094e479c9e60ac4dc503c8b9a5d16143f575"}
,"/home/rabi/mobile_apps_dev/SE_19/project27/SmartphoneApps/Saarromanus/src/components/toggle-box/component.js": {"path":"/home/rabi/mobile_apps_dev/SE_19/project27/SmartphoneApps/Saarromanus/src/components/toggle-box/component.js","statementMap":{"0":{"start":{"line":10,"column":18},"end":{"line":19,"column":1}},"1":{"start":{"line":11,"column":1},"end":{"line":18,"column":3}}},"fnMap":{"0":{"name":"(anonymous_0)","decl":{"start":{"line":10,"column":18},"end":{"line":10,"column":19}},"loc":{"start":{"line":10,"column":55},"end":{"line":19,"column":1}},"line":10}},"branchMap":{},"s":{"0":1,"1":0},"f":{"0":0},"b":{},"_coverageSchema":"43e27e138ebf9cfc5966b082cf9a028302ed4184","hash":"f2d6c26e18d3809f8b0e88577afe3e5b351b03a6"}
,"/home/rabi/mobile_apps_dev/SE_19/project27/SmartphoneApps/Saarromanus/src/components/toggle-box/index.js": {"path":"/home/rabi/mobile_apps_dev/SE_19/project27/SmartphoneApps/Saarromanus/src/components/toggle-box/index.js","statementMap":{},"fnMap":{},"branchMap":{},"s":{},"f":{},"b":{},"_coverageSchema":"43e27e138ebf9cfc5966b082cf9a028302ed4184","hash":"8c0c78d713c79216d509b67e932da4815fdfcec2"}
,"/home/rabi/mobile_apps_dev/SE_19/project27/SmartphoneApps/Saarromanus/src/components/toggle-box/styles.js": {"path":"/home/rabi/mobile_apps_dev/SE_19/project27/SmartphoneApps/Saarromanus/src/components/toggle-box/styles.js","statementMap":{},"fnMap":{},"branchMap":{},"s":{},"f":{},"b":{},"_coverageSchema":"43e27e138ebf9cfc5966b082cf9a028302ed4184","hash":"7fb1f30fa488383ca6fdb27a43358af291c207a8"}
,"/home/rabi/mobile_apps_dev/SE_19/project27/SmartphoneApps/Saarromanus/src/hooks/use-current-locale-short.js": {"path":"/home/rabi/mobile_apps_dev/SE_19/project27/SmartphoneApps/Saarromanus/src/hooks/use-current-locale-short.js","statementMap":{"0":{"start":{"line":5,"column":1},"end":{"line":5,"column":42}}},"fnMap":{"0":{"name":"(anonymous_0)","decl":{"start":{"line":4,"column":15},"end":{"line":4,"column":16}},"loc":{"start":{"line":4,"column":21},"end":{"line":6,"column":1}},"line":4}},"branchMap":{},"s":{"0":23},"f":{"0":23},"b":{},"_coverageSchema":"43e27e138ebf9cfc5966b082cf9a028302ed4184","hash":"35f692c6471ce871939f4b4d10ea7573b7daf9b1"}
,"/home/rabi/mobile_apps_dev/SE_19/project27/SmartphoneApps/Saarromanus/src/hooks/use-download-contents.js": {"path":"/home/rabi/mobile_apps_dev/SE_19/project27/SmartphoneApps/Saarromanus/src/hooks/use-download-contents.js","statementMap":{"0":{"start":{"line":4,"column":27},"end":{"line":4,"column":35}},"1":{"start":{"line":5,"column":38},"end":{"line":5,"column":56}},"2":{"start":{"line":6,"column":40},"end":{"line":6,"column":60}},"3":{"start":{"line":7,"column":32},"end":{"line":7,"column":44}},"4":{"start":{"line":8,"column":27},"end":{"line":8,"column":35}},"5":{"start":{"line":9,"column":32},"end":{"line":9,"column":44}},"6":{"start":{"line":11,"column":11},"end":{"line":11,"column":59}},"7":{"start":{"line":13,"column":27},"end":{"line":19,"column":1}},"8":{"start":{"line":14,"column":1},"end":{"line":18,"column":4}},"9":{"start":{"line":15,"column":2},"end":{"line":17,"column":4}},"10":{"start":{"line":21,"column":28},"end":{"line":34,"column":1}},"11":{"start":{"line":22,"column":1},"end":{"line":33,"column":4}},"12":{"start":{"line":23,"column":2},"end":{"line":32,"column":4}},"13":{"start":{"line":27,"column":4},"end":{"line":27,"column":62}},"14":{"start":{"line":30,"column":4},"end":{"line":30,"column":61}},"15":{"start":{"line":42,"column":1},"end":{"line":70,"column":2}},"16":{"start":{"line":44,"column":2},"end":{"line":67,"column":5}},"17":{"start":{"line":45,"column":3},"end":{"line":66,"column":5}},"18":{"start":{"line":50,"column":5},"end":{"line":64,"column":6}},"19":{"start":{"line":51,"column":19},"end":{"line":51,"column":33}},"20":{"start":{"line":52,"column":6},"end":{"line":60,"column":7}},"21":{"start":{"line":53,"column":7},"end":{"line":53,"column":57}},"22":{"start":{"line":54,"column":22},"end":{"line":54,"column":45}},"23":{"start":{"line":55,"column":7},"end":{"line":55,"column":23}},"24":{"start":{"line":56,"column":7},"end":{"line":56,"column":24}},"25":{"start":{"line":58,"column":7},"end":{"line":58,"column":40}},"26":{"start":{"line":59,"column":7},"end":{"line":59,"column":24}},"27":{"start":{"line":62,"column":6},"end":{"line":62,"column":23}},"28":{"start":{"line":63,"column":6},"end":{"line":63,"column":36}},"29":{"start":{"line":69,"column":2},"end":{"line":69,"column":47}},"30":{"start":{"line":73,"column":26},"end":{"line":83,"column":1}},"31":{"start":{"line":74,"column":17},"end":{"line":81,"column":4}},"32":{"start":{"line":78,"column":21},"end":{"line":78,"column":24}},"33":{"start":{"line":80,"column":3},"end":{"line":80,"column":40}},"34":{"start":{"line":82,"column":1},"end":{"line":82,"column":16}},"35":{"start":{"line":85,"column":31},"end":{"line":89,"column":1}},"36":{"start":{"line":86,"column":1},"end":{"line":88,"column":3}},"37":{"start":{"line":91,"column":22},"end":{"line":118,"column":1}},"38":{"start":{"line":92,"column":19},"end":{"line":92,"column":38}},"39":{"start":{"line":93,"column":1},"end":{"line":97,"column":2}},"40":{"start":{"line":94,"column":2},"end":{"line":94,"column":42}},"41":{"start":{"line":96,"column":2},"end":{"line":96,"column":19}},"42":{"start":{"line":98,"column":1},"end":{"line":117,"column":2}},"43":{"start":{"line":99,"column":34},"end":{"line":99,"column":36}},"44":{"start":{"line":100,"column":2},"end":{"line":111,"column":5}},"45":{"start":{"line":101,"column":3},"end":{"line":110,"column":5}},"46":{"start":{"line":103,"column":22},"end":{"line":107,"column":57}},"47":{"start":{"line":107,"column":20},"end":{"line":107,"column":56}},"48":{"start":{"line":108,"column":5},"end":{"line":108,"column":43}},"49":{"start":{"line":112,"column":26},"end":{"line":112,"column":68}},"50":{"start":{"line":113,"column":19},"end":{"line":113,"column":59}},"51":{"start":{"line":114,"column":2},"end":{"line":114,"column":18}},"52":{"start":{"line":116,"column":2},"end":{"line":116,"column":21}},"53":{"start":{"line":120,"column":39},"end":{"line":135,"column":1}},"54":{"start":{"line":121,"column":19},"end":{"line":121,"column":38}},"55":{"start":{"line":122,"column":25},"end":{"line":132,"column":3}},"56":{"start":{"line":123,"column":19},"end":{"line":123,"column":33}},"57":{"start":{"line":124,"column":2},"end":{"line":131,"column":4}},"58":{"start":{"line":134,"column":1},"end":{"line":134,"column":49}},"59":{"start":{"line":137,"column":40},"end":{"line":151,"column":1}},"60":{"start":{"line":138,"column":19},"end":{"line":138,"column":31}},"61":{"start":{"line":139,"column":22},"end":{"line":149,"column":3}},"62":{"start":{"line":140,"column":19},"end":{"line":140,"column":37}},"63":{"start":{"line":141,"column":2},"end":{"line":148,"column":4}},"64":{"start":{"line":150,"column":1},"end":{"line":150,"column":21}},"65":{"start":{"line":153,"column":26},"end":{"line":183,"column":1}},"66":{"start":{"line":154,"column":19},"end":{"line":154,"column":31}},"67":{"start":{"line":155,"column":1},"end":{"line":159,"column":2}},"68":{"start":{"line":156,"column":2},"end":{"line":156,"column":42}},"69":{"start":{"line":158,"column":2},"end":{"line":158,"column":19}},"70":{"start":{"line":160,"column":1},"end":{"line":182,"column":2}},"71":{"start":{"line":161,"column":34},"end":{"line":161,"column":36}},"72":{"start":{"line":162,"column":2},"end":{"line":177,"column":5}},"73":{"start":{"line":163,"column":3},"end":{"line":176,"column":5}},"74":{"start":{"line":165,"column":22},"end":{"line":173,"column":6}},"75":{"start":{"line":170,"column":6},"end":{"line":172,"column":7}},"76":{"start":{"line":174,"column":5},"end":{"line":174,"column":46}},"77":{"start":{"line":178,"column":26},"end":{"line":178,"column":68}},"78":{"start":{"line":179,"column":2},"end":{"line":179,"column":25}},"79":{"start":{"line":181,"column":2},"end":{"line":181,"column":21}},"80":{"start":{"line":185,"column":42},"end":{"line":198,"column":1}},"81":{"start":{"line":190,"column":21},"end":{"line":190,"column":52}},"82":{"start":{"line":192,"column":1},"end":{"line":196,"column":3}},"83":{"start":{"line":197,"column":1},"end":{"line":197,"column":29}},"84":{"start":{"line":200,"column":31},"end":{"line":210,"column":1}},"85":{"start":{"line":205,"column":1},"end":{"line":205,"column":15}},"86":{"start":{"line":206,"column":20},"end":{"line":206,"column":46}},"87":{"start":{"line":208,"column":1},"end":{"line":208,"column":70}},"88":{"start":{"line":209,"column":1},"end":{"line":209,"column":15}},"89":{"start":{"line":212,"column":31},"end":{"line":243,"column":1}},"90":{"start":{"line":218,"column":1},"end":{"line":218,"column":15}},"91":{"start":{"line":219,"column":21},"end":{"line":219,"column":58}},"92":{"start":{"line":221,"column":1},"end":{"line":225,"column":3}},"93":{"start":{"line":227,"column":29},"end":{"line":227,"column":31}},"94":{"start":{"line":228,"column":1},"end":{"line":239,"column":4}},"95":{"start":{"line":229,"column":2},"end":{"line":238,"column":4}},"96":{"start":{"line":232,"column":22},"end":{"line":234,"column":5}},"97":{"start":{"line":233,"column":5},"end":{"line":233,"column":31}},"98":{"start":{"line":235,"column":4},"end":{"line":235,"column":45}},"99":{"start":{"line":240,"column":1},"end":{"line":240,"column":40}},"100":{"start":{"line":241,"column":1},"end":{"line":241,"column":15}}},"fnMap":{"0":{"name":"(anonymous_0)","decl":{"start":{"line":13,"column":27},"end":{"line":13,"column":28}},"loc":{"start":{"line":13,"column":40},"end":{"line":19,"column":1}},"line":13},"1":{"name":"(anonymous_1)","decl":{"start":{"line":14,"column":16},"end":{"line":14,"column":17}},"loc":{"start":{"line":14,"column":22},"end":{"line":18,"column":2}},"line":14},"2":{"name":"(anonymous_2)","decl":{"start":{"line":21,"column":28},"end":{"line":21,"column":29}},"loc":{"start":{"line":21,"column":55},"end":{"line":34,"column":1}},"line":21},"3":{"name":"(anonymous_3)","decl":{"start":{"line":22,"column":16},"end":{"line":22,"column":17}},"loc":{"start":{"line":22,"column":22},"end":{"line":33,"column":2}},"line":22},"4":{"name":"(anonymous_4)","decl":{"start":{"line":26,"column":3},"end":{"line":26,"column":4}},"loc":{"start":{"line":26,"column":9},"end":{"line":28,"column":4}},"line":26},"5":{"name":"(anonymous_5)","decl":{"start":{"line":29,"column":3},"end":{"line":29,"column":4}},"loc":{"start":{"line":29,"column":10},"end":{"line":31,"column":4}},"line":29},"6":{"name":"findOneById","decl":{"start":{"line":36,"column":16},"end":{"line":36,"column":27}},"loc":{"start":{"line":41,"column":2},"end":{"line":71,"column":1}},"line":41},"7":{"name":"(anonymous_7)","decl":{"start":{"line":39,"column":13},"end":{"line":39,"column":14}},"loc":{"start":{"line":39,"column":19},"end":{"line":39,"column":21}},"line":39},"8":{"name":"(anonymous_8)","decl":{"start":{"line":40,"column":12},"end":{"line":40,"column":13}},"loc":{"start":{"line":40,"column":18},"end":{"line":40,"column":20}},"line":40},"9":{"name":"(anonymous_9)","decl":{"start":{"line":44,"column":17},"end":{"line":44,"column":18}},"loc":{"start":{"line":44,"column":23},"end":{"line":67,"column":3}},"line":44},"10":{"name":"(anonymous_10)","decl":{"start":{"line":49,"column":4},"end":{"line":49,"column":5}},"loc":{"start":{"line":49,"column":21},"end":{"line":65,"column":5}},"line":49},"11":{"name":"(anonymous_11)","decl":{"start":{"line":73,"column":26},"end":{"line":73,"column":27}},"loc":{"start":{"line":73,"column":62},"end":{"line":83,"column":1}},"line":73},"12":{"name":"(anonymous_12)","decl":{"start":{"line":78,"column":8},"end":{"line":78,"column":9}},"loc":{"start":{"line":78,"column":21},"end":{"line":78,"column":24}},"line":78},"13":{"name":"(anonymous_13)","decl":{"start":{"line":79,"column":9},"end":{"line":79,"column":10}},"loc":{"start":{"line":79,"column":18},"end":{"line":81,"column":3}},"line":79},"14":{"name":"(anonymous_14)","decl":{"start":{"line":85,"column":31},"end":{"line":85,"column":32}},"loc":{"start":{"line":85,"column":50},"end":{"line":89,"column":1}},"line":85},"15":{"name":"(anonymous_15)","decl":{"start":{"line":91,"column":22},"end":{"line":91,"column":23}},"loc":{"start":{"line":91,"column":37},"end":{"line":118,"column":1}},"line":91},"16":{"name":"(anonymous_16)","decl":{"start":{"line":100,"column":22},"end":{"line":100,"column":23}},"loc":{"start":{"line":100,"column":47},"end":{"line":111,"column":3}},"line":100},"17":{"name":"(anonymous_17)","decl":{"start":{"line":102,"column":5},"end":{"line":102,"column":6}},"loc":{"start":{"line":102,"column":17},"end":{"line":109,"column":5}},"line":102},"18":{"name":"(anonymous_18)","decl":{"start":{"line":107,"column":13},"end":{"line":107,"column":14}},"loc":{"start":{"line":107,"column":20},"end":{"line":107,"column":56}},"line":107},"19":{"name":"(anonymous_19)","decl":{"start":{"line":120,"column":39},"end":{"line":120,"column":40}},"loc":{"start":{"line":120,"column":48},"end":{"line":135,"column":1}},"line":120},"20":{"name":"(anonymous_20)","decl":{"start":{"line":122,"column":45},"end":{"line":122,"column":46}},"loc":{"start":{"line":122,"column":64},"end":{"line":132,"column":2}},"line":122},"21":{"name":"(anonymous_21)","decl":{"start":{"line":137,"column":40},"end":{"line":137,"column":41}},"loc":{"start":{"line":137,"column":53},"end":{"line":151,"column":1}},"line":137},"22":{"name":"(anonymous_22)","decl":{"start":{"line":139,"column":36},"end":{"line":139,"column":37}},"loc":{"start":{"line":139,"column":52},"end":{"line":149,"column":2}},"line":139},"23":{"name":"(anonymous_23)","decl":{"start":{"line":153,"column":26},"end":{"line":153,"column":27}},"loc":{"start":{"line":153,"column":45},"end":{"line":183,"column":1}},"line":153},"24":{"name":"(anonymous_24)","decl":{"start":{"line":162,"column":16},"end":{"line":162,"column":17}},"loc":{"start":{"line":162,"column":38},"end":{"line":177,"column":3}},"line":162},"25":{"name":"(anonymous_25)","decl":{"start":{"line":164,"column":5},"end":{"line":164,"column":6}},"loc":{"start":{"line":164,"column":17},"end":{"line":175,"column":5}},"line":164},"26":{"name":"(anonymous_26)","decl":{"start":{"line":169,"column":13},"end":{"line":169,"column":14}},"loc":{"start":{"line":170,"column":6},"end":{"line":172,"column":7}},"line":170},"27":{"name":"(anonymous_27)","decl":{"start":{"line":185,"column":42},"end":{"line":185,"column":43}},"loc":{"start":{"line":189,"column":5},"end":{"line":198,"column":1}},"line":189},"28":{"name":"(anonymous_28)","decl":{"start":{"line":200,"column":31},"end":{"line":200,"column":32}},"loc":{"start":{"line":204,"column":5},"end":{"line":210,"column":1}},"line":204},"29":{"name":"(anonymous_29)","decl":{"start":{"line":202,"column":15},"end":{"line":202,"column":16}},"loc":{"start":{"line":202,"column":21},"end":{"line":202,"column":23}},"line":202},"30":{"name":"(anonymous_30)","decl":{"start":{"line":203,"column":15},"end":{"line":203,"column":16}},"loc":{"start":{"line":203,"column":21},"end":{"line":203,"column":23}},"line":203},"31":{"name":"(anonymous_31)","decl":{"start":{"line":212,"column":31},"end":{"line":212,"column":32}},"loc":{"start":{"line":217,"column":5},"end":{"line":243,"column":1}},"line":217},"32":{"name":"(anonymous_32)","decl":{"start":{"line":215,"column":15},"end":{"line":215,"column":16}},"loc":{"start":{"line":215,"column":21},"end":{"line":215,"column":23}},"line":215},"33":{"name":"(anonymous_33)","decl":{"start":{"line":216,"column":15},"end":{"line":216,"column":16}},"loc":{"start":{"line":216,"column":21},"end":{"line":216,"column":23}},"line":216},"34":{"name":"(anonymous_34)","decl":{"start":{"line":228,"column":18},"end":{"line":228,"column":19}},"loc":{"start":{"line":228,"column":27},"end":{"line":239,"column":2}},"line":228},"35":{"name":"(anonymous_35)","decl":{"start":{"line":230,"column":4},"end":{"line":230,"column":5}},"loc":{"start":{"line":230,"column":16},"end":{"line":237,"column":4}},"line":230},"36":{"name":"(anonymous_36)","decl":{"start":{"line":232,"column":53},"end":{"line":232,"column":54}},"loc":{"start":{"line":233,"column":5},"end":{"line":233,"column":31}},"line":233}},"branchMap":{"0":{"loc":{"start":{"line":39,"column":1},"end":{"line":39,"column":21}},"type":"default-arg","locations":[{"start":{"line":39,"column":13},"end":{"line":39,"column":21}}],"line":39},"1":{"loc":{"start":{"line":40,"column":1},"end":{"line":40,"column":20}},"type":"default-arg","locations":[{"start":{"line":40,"column":12},"end":{"line":40,"column":20}}],"line":40},"2":{"loc":{"start":{"line":52,"column":6},"end":{"line":60,"column":7}},"type":"if","locations":[{"start":{"line":52,"column":6},"end":{"line":60,"column":7}},{"start":{"line":52,"column":6},"end":{"line":60,"column":7}}],"line":52},"3":{"loc":{"start":{"line":202,"column":1},"end":{"line":202,"column":23}},"type":"default-arg","locations":[{"start":{"line":202,"column":15},"end":{"line":202,"column":23}}],"line":202},"4":{"loc":{"start":{"line":203,"column":1},"end":{"line":203,"column":23}},"type":"default-arg","locations":[{"start":{"line":203,"column":15},"end":{"line":203,"column":23}}],"line":203},"5":{"loc":{"start":{"line":215,"column":1},"end":{"line":215,"column":23}},"type":"default-arg","locations":[{"start":{"line":215,"column":15},"end":{"line":215,"column":23}}],"line":215},"6":{"loc":{"start":{"line":216,"column":1},"end":{"line":216,"column":23}},"type":"default-arg","locations":[{"start":{"line":216,"column":15},"end":{"line":216,"column":23}}],"line":216}},"s":{"0":5,"1":5,"2":5,"3":5,"4":5,"5":5,"6":5,"7":5,"8":0,"9":0,"10":5,"11":0,"12":0,"13":0,"14":0,"15":0,"16":0,"17":0,"18":0,"19":0,"20":0,"21":0,"22":0,"23":0,"24":0,"25":0,"26":0,"27":0,"28":0,"29":0,"30":5,"31":0,"32":0,"33":0,"34":0,"35":5,"36":0,"37":5,"38":0,"39":0,"40":0,"41":0,"42":0,"43":0,"44":0,"45":0,"46":0,"47":0,"48":0,"49":0,"50":0,"51":0,"52":0,"53":5,"54":0,"55":0,"56":0,"57":0,"58":0,"59":5,"60":0,"61":0,"62":0,"63":0,"64":0,"65":5,"66":0,"67":0,"68":0,"69":0,"70":0,"71":0,"72":0,"73":0,"74":0,"75":0,"76":0,"77":0,"78":0,"79":0,"80":5,"81":0,"82":0,"83":0,"84":5,"85":0,"86":0,"87":0,"88":0,"89":5,"90":0,"91":0,"92":0,"93":0,"94":0,"95":0,"96":0,"97":0,"98":0,"99":0,"100":0},"f":{"0":0,"1":0,"2":0,"3":0,"4":0,"5":0,"6":0,"7":0,"8":0,"9":0,"10":0,"11":0,"12":0,"13":0,"14":0,"15":0,"16":0,"17":0,"18":0,"19":0,"20":0,"21":0,"22":0,"23":0,"24":0,"25":0,"26":0,"27":0,"28":0,"29":0,"30":0,"31":0,"32":0,"33":0,"34":0,"35":0,"36":0},"b":{"0":[0],"1":[0],"2":[0,0],"3":[0],"4":[0],"5":[0],"6":[0]},"_coverageSchema":"43e27e138ebf9cfc5966b082cf9a028302ed4184","hash":"dc2dfc313ad4130bb1d222e3ade7de1cf7688698"}
,"/home/rabi/mobile_apps_dev/SE_19/project27/SmartphoneApps/Saarromanus/src/hooks/use-initialize-offline-support.js": {"path":"/home/rabi/mobile_apps_dev/SE_19/project27/SmartphoneApps/Saarromanus/src/hooks/use-initialize-offline-support.js","statementMap":{"0":{"start":{"line":12,"column":1},"end":{"line":12,"column":26}},"1":{"start":{"line":13,"column":1},"end":{"line":13,"column":37}},"2":{"start":{"line":14,"column":1},"end":{"line":14,"column":39}},"3":{"start":{"line":16,"column":1},"end":{"line":16,"column":26}},"4":{"start":{"line":17,"column":1},"end":{"line":17,"column":31}}},"fnMap":{"0":{"name":"(anonymous_0)","decl":{"start":{"line":11,"column":15},"end":{"line":11,"column":16}},"loc":{"start":{"line":11,"column":21},"end":{"line":18,"column":1}},"line":11}},"branchMap":{},"s":{"0":0,"1":0,"2":0,"3":0,"4":0},"f":{"0":0},"b":{},"hash":"f656b98f8a1d5de9e49284d2f7b032c59528f71b"}
,"/home/rabi/mobile_apps_dev/SE_19/project27/SmartphoneApps/Saarromanus/src/hooks/use-is-equal.js": {"path":"/home/rabi/mobile_apps_dev/SE_19/project27/SmartphoneApps/Saarromanus/src/hooks/use-is-equal.js","statementMap":{"0":{"start":{"line":1,"column":23},"end":{"line":13,"column":1}},"1":{"start":{"line":2,"column":1},"end":{"line":2,"column":26}},"2":{"start":{"line":2,"column":14},"end":{"line":2,"column":26}},"3":{"start":{"line":3,"column":1},"end":{"line":4,"column":37}},"4":{"start":{"line":4,"column":2},"end":{"line":4,"column":37}},"5":{"start":{"line":5,"column":1},"end":{"line":6,"column":17}},"6":{"start":{"line":6,"column":2},"end":{"line":6,"column":17}},"7":{"start":{"line":7,"column":1},"end":{"line":8,"column":15}},"8":{"start":{"line":8,"column":2},"end":{"line":8,"column":15}},"9":{"start":{"line":9,"column":1},"end":{"line":9,"column":47}},"10":{"start":{"line":9,"column":34},"end":{"line":9,"column":47}},"11":{"start":{"line":10,"column":12},"end":{"line":10,"column":26}},"12":{"start":{"line":11,"column":1},"end":{"line":11,"column":57}},"13":{"start":{"line":11,"column":44},"end":{"line":11,"column":57}},"14":{"start":{"line":12,"column":1},"end":{"line":12,"column":45}},"15":{"start":{"line":12,"column":24},"end":{"line":12,"column":43}}},"fnMap":{"0":{"name":"(anonymous_0)","decl":{"start":{"line":1,"column":23},"end":{"line":1,"column":24}},"loc":{"start":{"line":1,"column":33},"end":{"line":13,"column":1}},"line":1},"1":{"name":"(anonymous_1)","decl":{"start":{"line":12,"column":19},"end":{"line":12,"column":20}},"loc":{"start":{"line":12,"column":24},"end":{"line":12,"column":43}},"line":12}},"branchMap":{"0":{"loc":{"start":{"line":2,"column":1},"end":{"line":2,"column":26}},"type":"if","locations":[{"start":{"line":2,"column":1},"end":{"line":2,"column":26}},{"start":{"line":2,"column":1},"end":{"line":2,"column":26}}],"line":2},"1":{"loc":{"start":{"line":3,"column":1},"end":{"line":4,"column":37}},"type":"if","locations":[{"start":{"line":3,"column":1},"end":{"line":4,"column":37}},{"start":{"line":3,"column":1},"end":{"line":4,"column":37}}],"line":3},"2":{"loc":{"start":{"line":3,"column":5},"end":{"line":3,"column":43}},"type":"binary-expr","locations":[{"start":{"line":3,"column":5},"end":{"line":3,"column":22}},{"start":{"line":3,"column":26},"end":{"line":3,"column":43}}],"line":3},"3":{"loc":{"start":{"line":5,"column":1},"end":{"line":6,"column":17}},"type":"if","locations":[{"start":{"line":5,"column":1},"end":{"line":6,"column":17}},{"start":{"line":5,"column":1},"end":{"line":6,"column":17}}],"line":5},"4":{"loc":{"start":{"line":5,"column":5},"end":{"line":5,"column":65}},"type":"binary-expr","locations":[{"start":{"line":5,"column":5},"end":{"line":5,"column":7}},{"start":{"line":5,"column":11},"end":{"line":5,"column":13}},{"start":{"line":5,"column":18},"end":{"line":5,"column":39}},{"start":{"line":5,"column":43},"end":{"line":5,"column":64}}],"line":5},"5":{"loc":{"start":{"line":7,"column":1},"end":{"line":8,"column":15}},"type":"if","locations":[{"start":{"line":7,"column":1},"end":{"line":8,"column":15}},{"start":{"line":7,"column":1},"end":{"line":8,"column":15}}],"line":7},"6":{"loc":{"start":{"line":7,"column":5},"end":{"line":7,"column":67}},"type":"binary-expr","locations":[{"start":{"line":7,"column":5},"end":{"line":7,"column":15}},{"start":{"line":7,"column":19},"end":{"line":7,"column":34}},{"start":{"line":7,"column":38},"end":{"line":7,"column":48}},{"start":{"line":7,"column":52},"end":{"line":7,"column":67}}],"line":7},"7":{"loc":{"start":{"line":9,"column":1},"end":{"line":9,"column":47}},"type":"if","locations":[{"start":{"line":9,"column":1},"end":{"line":9,"column":47}},{"start":{"line":9,"column":1},"end":{"line":9,"column":47}}],"line":9},"8":{"loc":{"start":{"line":11,"column":1},"end":{"line":11,"column":57}},"type":"if","locations":[{"start":{"line":11,"column":1},"end":{"line":11,"column":57}},{"start":{"line":11,"column":1},"end":{"line":11,"column":57}}],"line":11}},"s":{"0":5,"1":0,"2":0,"3":0,"4":0,"5":0,"6":0,"7":0,"8":0,"9":0,"10":0,"11":0,"12":0,"13":0,"14":0,"15":0},"f":{"0":0,"1":0},"b":{"0":[0,0],"1":[0,0],"2":[0,0],"3":[0,0],"4":[0,0,0,0],"5":[0,0],"6":[0,0,0,0],"7":[0,0],"8":[0,0]},"_coverageSchema":"43e27e138ebf9cfc5966b082cf9a028302ed4184","hash":"18f813a32c430d1a993fbd3df1ef9ab39b0ca428"}
,"/home/rabi/mobile_apps_dev/SE_19/project27/SmartphoneApps/Saarromanus/src/hooks/use-netinfo.js": {"path":"/home/rabi/mobile_apps_dev/SE_19/project27/SmartphoneApps/Saarromanus/src/hooks/use-netinfo.js","statementMap":{"0":{"start":{"line":4,"column":1},"end":{"line":6,"column":4}},"1":{"start":{"line":5,"column":2},"end":{"line":5,"column":41}}},"fnMap":{"0":{"name":"(anonymous_0)","decl":{"start":{"line":3,"column":15},"end":{"line":3,"column":16}},"loc":{"start":{"line":3,"column":38},"end":{"line":7,"column":1}},"line":3},"1":{"name":"(anonymous_1)","decl":{"start":{"line":4,"column":22},"end":{"line":4,"column":23}},"loc":{"start":{"line":4,"column":31},"end":{"line":6,"column":2}},"line":4}},"branchMap":{},"s":{"0":10,"1":0},"f":{"0":10,"1":0},"b":{},"_coverageSchema":"43e27e138ebf9cfc5966b082cf9a028302ed4184","hash":"3dc4dfb90c0bd5aa9549b5918a4b7a8d95fc0bed"}
,"/home/rabi/mobile_apps_dev/SE_19/project27/SmartphoneApps/Saarromanus/src/hooks/use-update-translation.js": {"path":"/home/rabi/mobile_apps_dev/SE_19/project27/SmartphoneApps/Saarromanus/src/hooks/use-update-translation.js","statementMap":{"0":{"start":{"line":4,"column":20},"end":{"line":4,"column":30}},"1":{"start":{"line":5,"column":1},"end":{"line":5,"column":25}},"2":{"start":{"line":5,"column":14},"end":{"line":5,"column":24}}},"fnMap":{"0":{"name":"(anonymous_0)","decl":{"start":{"line":3,"column":15},"end":{"line":3,"column":16}},"loc":{"start":{"line":3,"column":21},"end":{"line":6,"column":1}},"line":3},"1":{"name":"(anonymous_1)","decl":{"start":{"line":5,"column":8},"end":{"line":5,"column":9}},"loc":{"start":{"line":5,"column":14},"end":{"line":5,"column":24}},"line":5}},"branchMap":{},"s":{"0":15,"1":15,"2":0},"f":{"0":15,"1":0},"b":{},"_coverageSchema":"43e27e138ebf9cfc5966b082cf9a028302ed4184","hash":"6fa72bfadc600ed01ca2a1ff51fa6f12e19298c9"}
,"/home/rabi/mobile_apps_dev/SE_19/project27/SmartphoneApps/Saarromanus/src/reducers/config-reducer.js": {"path":"/home/rabi/mobile_apps_dev/SE_19/project27/SmartphoneApps/Saarromanus/src/reducers/config-reducer.js","statementMap":{"0":{"start":{"line":12,"column":1},"end":{"line":38,"column":2}},"1":{"start":{"line":13,"column":2},"end":{"line":13,"column":48}},"2":{"start":{"line":14,"column":8},"end":{"line":38,"column":2}},"3":{"start":{"line":15,"column":2},"end":{"line":15,"column":54}},"4":{"start":{"line":16,"column":8},"end":{"line":38,"column":2}},"5":{"start":{"line":17,"column":2},"end":{"line":17,"column":37}},"6":{"start":{"line":18,"column":8},"end":{"line":38,"column":2}},"7":{"start":{"line":19,"column":2},"end":{"line":19,"column":38}},"8":{"start":{"line":20,"column":8},"end":{"line":38,"column":2}},"9":{"start":{"line":21,"column":2},"end":{"line":28,"column":4}},"10":{"start":{"line":29,"column":8},"end":{"line":38,"column":2}},"11":{"start":{"line":30,"column":2},"end":{"line":37,"column":4}},"12":{"start":{"line":39,"column":1},"end":{"line":39,"column":14}}},"fnMap":{"0":{"name":"(anonymous_0)","decl":{"start":{"line":11,"column":15},"end":{"line":11,"column":16}},"loc":{"start":{"line":11,"column":43},"end":{"line":40,"column":1}},"line":11}},"branchMap":{"0":{"loc":{"start":{"line":11,"column":16},"end":{"line":11,"column":30}},"type":"default-arg","locations":[{"start":{"line":11,"column":24},"end":{"line":11,"column":30}}],"line":11},"1":{"loc":{"start":{"line":12,"column":1},"end":{"line":38,"column":2}},"type":"if","locations":[{"start":{"line":12,"column":1},"end":{"line":38,"column":2}},{"start":{"line":12,"column":1},"end":{"line":38,"column":2}}],"line":12},"2":{"loc":{"start":{"line":14,"column":8},"end":{"line":38,"column":2}},"type":"if","locations":[{"start":{"line":14,"column":8},"end":{"line":38,"column":2}},{"start":{"line":14,"column":8},"end":{"line":38,"column":2}}],"line":14},"3":{"loc":{"start":{"line":16,"column":8},"end":{"line":38,"column":2}},"type":"if","locations":[{"start":{"line":16,"column":8},"end":{"line":38,"column":2}},{"start":{"line":16,"column":8},"end":{"line":38,"column":2}}],"line":16},"4":{"loc":{"start":{"line":18,"column":8},"end":{"line":38,"column":2}},"type":"if","locations":[{"start":{"line":18,"column":8},"end":{"line":38,"column":2}},{"start":{"line":18,"column":8},"end":{"line":38,"column":2}}],"line":18},"5":{"loc":{"start":{"line":20,"column":8},"end":{"line":38,"column":2}},"type":"if","locations":[{"start":{"line":20,"column":8},"end":{"line":38,"column":2}},{"start":{"line":20,"column":8},"end":{"line":38,"column":2}}],"line":20},"6":{"loc":{"start":{"line":29,"column":8},"end":{"line":38,"column":2}},"type":"if","locations":[{"start":{"line":29,"column":8},"end":{"line":38,"column":2}},{"start":{"line":29,"column":8},"end":{"line":38,"column":2}}],"line":29}},"s":{"0":0,"1":0,"2":0,"3":0,"4":0,"5":0,"6":0,"7":0,"8":0,"9":0,"10":0,"11":0,"12":0},"f":{"0":0},"b":{"0":[0],"1":[0,0],"2":[0,0],"3":[0,0],"4":[0,0],"5":[0,0],"6":[0,0]},"hash":"da5da27fe9d08b53ea7e99785c39e64d4290b483"}
[...]
,"/home/rabi/mobile_apps_dev/SE_19/project27/SmartphoneApps/Saarromanus/src/screens/sight-details/styles.js": {"path":"/home/rabi/mobile_apps_dev/SE_19/project27/SmartphoneApps/Saarromanus/src/screens/sight-details/styles.js","statementMap":{},"fnMap":{},"branchMap":{},"s":{},"f":{},"b":{},"_coverageSchema":"43e27e138ebf9cfc5966b082cf9a028302ed4184","hash":"402fd72aa053dbcbfbdd80981d239ac5363b35a8"}
,"/home/rabi/mobile_apps_dev/SE_19/project27/SmartphoneApps/Saarromanus/src/screens/sights-category/component.js": {"path":"/home/rabi/mobile_apps_dev/SE_19/project27/SmartphoneApps/Saarromanus/src/screens/sights-category/component.js","statementMap":{"0":{"start":{"line":19,"column":29},"end":{"line":95,"column":1}},"1":{"start":{"line":25,"column":29},"end":{"line":25,"column":43}},"2":{"start":{"line":26,"column":35},"end":{"line":26,"column":49}},"3":{"start":{"line":27,"column":1},"end":{"line":27,"column":27}},"4":{"start":{"line":29,"column":1},"end":{"line":36,"column":8}},"5":{"start":{"line":30,"column":2},"end":{"line":35,"column":4}},"6":{"start":{"line":38,"column":1},"end":{"line":42,"column":14}},"7":{"start":{"line":39,"column":2},"end":{"line":41,"column":3}},"8":{"start":{"line":40,"column":3},"end":{"line":40,"column":24}},"9":{"start":{"line":44,"column":1},"end":{"line":79,"column":53}},"10":{"start":{"line":45,"column":2},"end":{"line":62,"column":4}},"11":{"start":{"line":46,"column":16},"end":{"line":48,"column":4}},"12":{"start":{"line":47,"column":4},"end":{"line":47,"column":30}},"13":{"start":{"line":49,"column":3},"end":{"line":61,"column":4}},"14":{"start":{"line":55,"column":4},"end":{"line":59,"column":6}},"15":{"start":{"line":60,"column":4},"end":{"line":60,"column":42}},"16":{"start":{"line":63,"column":2},"end":{"line":78,"column":3}},"17":{"start":{"line":64,"column":3},"end":{"line":68,"column":5}},"18":{"start":{"line":69,"column":3},"end":{"line":69,"column":19}},"19":{"start":{"line":70,"column":9},"end":{"line":78,"column":3}},"20":{"start":{"line":76,"column":3},"end":{"line":76,"column":17}},"21":{"start":{"line":77,"column":3},"end":{"line":77,"column":19}},"22":{"start":{"line":81,"column":1},"end":{"line":94,"column":3}},"23":{"start":{"line":84,"column":4},"end":{"line":91,"column":6}},"24":{"start":{"line":97,"column":0},"end":{"line":105,"column":2}},"25":{"start":{"line":98,"column":1},"end":{"line":104,"column":3}}},"fnMap":{"0":{"name":"(anonymous_0)","decl":{"start":{"line":19,"column":29},"end":{"line":19,"column":30}},"loc":{"start":{"line":24,"column":6},"end":{"line":95,"column":1}},"line":24},"1":{"name":"(anonymous_1)","decl":{"start":{"line":29,"column":11},"end":{"line":29,"column":12}},"loc":{"start":{"line":29,"column":17},"end":{"line":36,"column":2}},"line":29},"2":{"name":"(anonymous_2)","decl":{"start":{"line":38,"column":11},"end":{"line":38,"column":12}},"loc":{"start":{"line":38,"column":17},"end":{"line":42,"column":2}},"line":38},"3":{"name":"(anonymous_3)","decl":{"start":{"line":44,"column":11},"end":{"line":44,"column":12}},"loc":{"start":{"line":44,"column":17},"end":{"line":79,"column":2}},"line":44},"4":{"name":"(anonymous_4)","decl":{"start":{"line":45,"column":16},"end":{"line":45,"column":17}},"loc":{"start":{"line":45,"column":28},"end":{"line":62,"column":3}},"line":45},"5":{"name":"(anonymous_5)","decl":{"start":{"line":46,"column":45},"end":{"line":46,"column":46}},"loc":{"start":{"line":47,"column":4},"end":{"line":47,"column":30}},"line":47},"6":{"name":"(anonymous_6)","decl":{"start":{"line":83,"column":24},"end":{"line":83,"column":25}},"loc":{"start":{"line":83,"column":36},"end":{"line":92,"column":4}},"line":83},"7":{"name":"(anonymous_7)","decl":{"start":{"line":97,"column":41},"end":{"line":97,"column":42}},"loc":{"start":{"line":97,"column":61},"end":{"line":105,"column":1}},"line":97}},"branchMap":{"0":{"loc":{"start":{"line":39,"column":2},"end":{"line":41,"column":3}},"type":"if","locations":[{"start":{"line":39,"column":2},"end":{"line":41,"column":3}},{"start":{"line":39,"column":2},"end":{"line":41,"column":3}}],"line":39},"1":{"loc":{"start":{"line":49,"column":3},"end":{"line":61,"column":4}},"type":"if","locations":[{"start":{"line":49,"column":3},"end":{"line":61,"column":4}},{"start":{"line":49,"column":3},"end":{"line":61,"column":4}}],"line":49},"2":{"loc":{"start":{"line":50,"column":4},"end":{"line":52,"column":43}},"type":"binary-expr","locations":[{"start":{"line":50,"column":4},"end":{"line":50,"column":8}},{"start":{"line":51,"column":4},"end":{"line":51,"column":16}},{"start":{"line":52,"column":4},"end":{"line":52,"column":43}}],"line":50},"3":{"loc":{"start":{"line":63,"column":2},"end":{"line":78,"column":3}},"type":"if","locations":[{"start":{"line":63,"column":2},"end":{"line":78,"column":3}},{"start":{"line":63,"column":2},"end":{"line":78,"column":3}}],"line":63},"4":{"loc":{"start":{"line":63,"column":6},"end":{"line":63,"column":48}},"type":"binary-expr","locations":[{"start":{"line":63,"column":6},"end":{"line":63,"column":22}},{"start":{"line":63,"column":26},"end":{"line":63,"column":48}}],"line":63},"5":{"loc":{"start":{"line":70,"column":9},"end":{"line":78,"column":3}},"type":"if","locations":[{"start":{"line":70,"column":9},"end":{"line":78,"column":3}},{"start":{"line":70,"column":9},"end":{"line":78,"column":3}}],"line":70},"6":{"loc":{"start":{"line":71,"column":3},"end":{"line":74,"column":12}},"type":"binary-expr","locations":[{"start":{"line":71,"column":3},"end":{"line":71,"column":18}},{"start":{"line":72,"column":3},"end":{"line":72,"column":20}},{"start":{"line":73,"column":3},"end":{"line":73,"column":25}},{"start":{"line":74,"column":3},"end":{"line":74,"column":12}}],"line":71}},"s":{"0":1,"1":1,"2":1,"3":1,"4":1,"5":0,"6":1,"7":0,"8":0,"9":1,"10":0,"11":0,"12":0,"13":0,"14":0,"15":0,"16":0,"17":0,"18":0,"19":0,"20":0,"21":0,"22":1,"23":4,"24":1,"25":0},"f":{"0":1,"1":0,"2":0,"3":0,"4":0,"5":0,"6":4,"7":0},"b":{"0":[0,0],"1":[0,0],"2":[0,0,0],"3":[0,0],"4":[0,0],"5":[0,0],"6":[0,0,0,0]},"_coverageSchema":"43e27e138ebf9cfc5966b082cf9a028302ed4184","hash":"b391d71f12717ee2483bb1e950886885d19d19ff"}
,"/home/rabi/mobile_apps_dev/SE_19/project27/SmartphoneApps/Saarromanus/src/screens/sights-category/connector.js": {"path":"/home/rabi/mobile_apps_dev/SE_19/project27/SmartphoneApps/Saarromanus/src/screens/sights-category/connector.js","statementMap":{"0":{"start":{"line":9,"column":24},"end":{"line":11,"column":1}},"1":{"start":{"line":10,"column":1},"end":{"line":10,"column":63}},"2":{"start":{"line":13,"column":25},"end":{"line":13,"column":72}}},"fnMap":{"0":{"name":"(anonymous_0)","decl":{"start":{"line":9,"column":24},"end":{"line":9,"column":25}},"loc":{"start":{"line":9,"column":77},"end":{"line":11,"column":1}},"line":9}},"branchMap":{},"s":{"0":1,"1":1,"2":1},"f":{"0":1},"b":{},"_coverageSchema":"43e27e138ebf9cfc5966b082cf9a028302ed4184","hash":"dd40dee3fb2ea7b7e40a49ed72e916dfd2b3bcb2"}
,"/home/rabi/mobile_apps_dev/SE_19/project27/SmartphoneApps/Saarromanus/src/screens/sights-category/index.js": {"path":"/home/rabi/mobile_apps_dev/SE_19/project27/SmartphoneApps/Saarromanus/src/screens/sights-category/index.js","statementMap":{},"fnMap":{},"branchMap":{},"s":{},"f":{},"b":{},"_coverageSchema":"43e27e138ebf9cfc5966b082cf9a028302ed4184","hash":"67edb7bd650c82436a0c8a74757da25778469e0d"}
,"/home/rabi/mobile_apps_dev/SE_19/project27/SmartphoneApps/Saarromanus/src/screens/sights-category/styles.js": {"path":"/home/rabi/mobile_apps_dev/SE_19/project27/SmartphoneApps/Saarromanus/src/screens/sights-category/styles.js","statementMap":{},"fnMap":{},"branchMap":{},"s":{},"f":{},"b":{},"_coverageSchema":"43e27e138ebf9cfc5966b082cf9a028302ed4184","hash":"9c2dffb8dd97af426b91267b022a775c03ec1c52"}
,"/home/rabi/mobile_apps_dev/SE_19/project27/SmartphoneApps/Saarromanus/src/screens/sights-list/component.js": {"path":"/home/rabi/mobile_apps_dev/SE_19/project27/SmartphoneApps/Saarromanus/src/screens/sights-list/component.js","statementMap":{"0":{"start":{"line":20,"column":25},"end":{"line":103,"column":1}},"1":{"start":{"line":27,"column":29},"end":{"line":27,"column":43}},"2":{"start":{"line":28,"column":37},"end":{"line":28,"column":49}},"3":{"start":{"line":29,"column":35},"end":{"line":29,"column":49}},"4":{"start":{"line":30,"column":1},"end":{"line":30,"column":27}},"5":{"start":{"line":32,"column":1},"end":{"line":37,"column":8}},"6":{"start":{"line":33,"column":2},"end":{"line":33,"column":56}},"7":{"start":{"line":34,"column":2},"end":{"line":36,"column":4}},"8":{"start":{"line":35,"column":3},"end":{"line":35,"column":32}},"9":{"start":{"line":39,"column":1},"end":{"line":48,"column":18}},"10":{"start":{"line":40,"column":2},"end":{"line":47,"column":3}},"11":{"start":{"line":41,"column":3},"end":{"line":46,"column":5}},"12":{"start":{"line":50,"column":1},"end":{"line":54,"column":14}},"13":{"start":{"line":51,"column":2},"end":{"line":53,"column":3}},"14":{"start":{"line":52,"column":3},"end":{"line":52,"column":35}},"15":{"start":{"line":56,"column":1},"end":{"line":92,"column":44}},"16":{"start":{"line":57,"column":2},"end":{"line":75,"column":4}},"17":{"start":{"line":58,"column":16},"end":{"line":60,"column":4}},"18":{"start":{"line":59,"column":4},"end":{"line":59,"column":42}},"19":{"start":{"line":61,"column":20},"end":{"line":61,"column":22}},"20":{"start":{"line":62,"column":3},"end":{"line":64,"column":4}},"21":{"start":{"line":63,"column":4},"end":{"line":63,"column":56}},"22":{"start":{"line":65,"column":3},"end":{"line":74,"column":4}},"23":{"start":{"line":67,"column":4},"end":{"line":71,"column":6}},"24":{"start":{"line":76,"column":2},"end":{"line":91,"column":3}},"25":{"start":{"line":77,"column":3},"end":{"line":81,"column":5}},"26":{"start":{"line":82,"column":3},"end":{"line":82,"column":19}},"27":{"start":{"line":83,"column":9},"end":{"line":91,"column":3}},"28":{"start":{"line":89,"column":3},"end":{"line":89,"column":17}},"29":{"start":{"line":90,"column":3},"end":{"line":90,"column":19}},"30":{"start":{"line":94,"column":1},"end":{"line":102,"column":3}},"31":{"start":{"line":105,"column":0},"end":{"line":115,"column":2}},"32":{"start":{"line":106,"column":15},"end":{"line":106,"column":54}},"33":{"start":{"line":107,"column":24},"end":{"line":107,"column":41}},"34":{"start":{"line":108,"column":1},"end":{"line":114,"column":3}}},"fnMap":{"0":{"name":"(anonymous_0)","decl":{"start":{"line":20,"column":25},"end":{"line":20,"column":26}},"loc":{"start":{"line":26,"column":6},"end":{"line":103,"column":1}},"line":26},"1":{"name":"(anonymous_1)","decl":{"start":{"line":32,"column":11},"end":{"line":32,"column":12}},"loc":{"start":{"line":32,"column":17},"end":{"line":37,"column":2}},"line":32},"2":{"name":"(anonymous_2)","decl":{"start":{"line":34,"column":9},"end":{"line":34,"column":10}},"loc":{"start":{"line":34,"column":15},"end":{"line":36,"column":3}},"line":34},"3":{"name":"(anonymous_3)","decl":{"start":{"line":39,"column":11},"end":{"line":39,"column":12}},"loc":{"start":{"line":39,"column":17},"end":{"line":48,"column":2}},"line":39},"4":{"name":"(anonymous_4)","decl":{"start":{"line":50,"column":11},"end":{"line":50,"column":12}},"loc":{"start":{"line":50,"column":17},"end":{"line":54,"column":2}},"line":50},"5":{"name":"(anonymous_5)","decl":{"start":{"line":56,"column":11},"end":{"line":56,"column":12}},"loc":{"start":{"line":56,"column":17},"end":{"line":92,"column":2}},"line":56},"6":{"name":"(anonymous_6)","decl":{"start":{"line":57,"column":16},"end":{"line":57,"column":17}},"loc":{"start":{"line":57,"column":28},"end":{"line":75,"column":3}},"line":57},"7":{"name":"(anonymous_7)","decl":{"start":{"line":58,"column":55},"end":{"line":58,"column":56}},"loc":{"start":{"line":59,"column":4},"end":{"line":59,"column":42}},"line":59},"8":{"name":"(anonymous_8)","decl":{"start":{"line":105,"column":37},"end":{"line":105,"column":38}},"loc":{"start":{"line":105,"column":57},"end":{"line":115,"column":1}},"line":105}},"branchMap":{"0":{"loc":{"start":{"line":40,"column":2},"end":{"line":47,"column":3}},"type":"if","locations":[{"start":{"line":40,"column":2},"end":{"line":47,"column":3}},{"start":{"line":40,"column":2},"end":{"line":47,"column":3}}],"line":40},"1":{"loc":{"start":{"line":51,"column":2},"end":{"line":53,"column":3}},"type":"if","locations":[{"start":{"line":51,"column":2},"end":{"line":53,"column":3}},{"start":{"line":51,"column":2},"end":{"line":53,"column":3}}],"line":51},"2":{"loc":{"start":{"line":62,"column":3},"end":{"line":64,"column":4}},"type":"if","locations":[{"start":{"line":62,"column":3},"end":{"line":64,"column":4}},{"start":{"line":62,"column":3},"end":{"line":64,"column":4}}],"line":62},"3":{"loc":{"start":{"line":62,"column":7},"end":{"line":62,"column":43}},"type":"binary-expr","locations":[{"start":{"line":62,"column":7},"end":{"line":62,"column":11}},{"start":{"line":62,"column":15},"end":{"line":62,"column":27}},{"start":{"line":62,"column":31},"end":{"line":62,"column":43}}],"line":62},"4":{"loc":{"start":{"line":65,"column":3},"end":{"line":74,"column":4}},"type":"if","locations":[{"start":{"line":65,"column":3},"end":{"line":74,"column":4}},{"start":{"line":65,"column":3},"end":{"line":74,"column":4}}],"line":65},"5":{"loc":{"start":{"line":65,"column":7},"end":{"line":65,"column":49}},"type":"binary-expr","locations":[{"start":{"line":65,"column":7},"end":{"line":65,"column":17}},{"start":{"line":65,"column":21},"end":{"line":65,"column":49}}],"line":65},"6":{"loc":{"start":{"line":76,"column":2},"end":{"line":91,"column":3}},"type":"if","locations":[{"start":{"line":76,"column":2},"end":{"line":91,"column":3}},{"start":{"line":76,"column":2},"end":{"line":91,"column":3}}],"line":76},"7":{"loc":{"start":{"line":76,"column":6},"end":{"line":76,"column":39}},"type":"binary-expr","locations":[{"start":{"line":76,"column":6},"end":{"line":76,"column":22}},{"start":{"line":76,"column":26},"end":{"line":76,"column":39}}],"line":76},"8":{"loc":{"start":{"line":83,"column":9},"end":{"line":91,"column":3}},"type":"if","locations":[{"start":{"line":83,"column":9},"end":{"line":91,"column":3}},{"start":{"line":83,"column":9},"end":{"line":91,"column":3}}],"line":83},"9":{"loc":{"start":{"line":84,"column":3},"end":{"line":87,"column":12}},"type":"binary-expr","locations":[{"start":{"line":84,"column":3},"end":{"line":84,"column":18}},{"start":{"line":85,"column":3},"end":{"line":85,"column":20}},{"start":{"line":86,"column":3},"end":{"line":86,"column":16}},{"start":{"line":87,"column":3},"end":{"line":87,"column":12}}],"line":84},"10":{"loc":{"start":{"line":98,"column":4},"end":{"line":100,"column":11}},"type":"cond-expr","locations":[{"start":{"line":99,"column":4},"end":{"line":99,"column":55}},{"start":{"line":100,"column":7},"end":{"line":100,"column":11}}],"line":98},"11":{"loc":{"start":{"line":109,"column":9},"end":{"line":109,"column":39}},"type":"cond-expr","locations":[{"start":{"line":109,"column":17},"end":{"line":109,"column":22}},{"start":{"line":109,"column":25},"end":{"line":109,"column":39}}],"line":109}},"s":{"0":1,"1":1,"2":1,"3":1,"4":1,"5":1,"6":0,"7":0,"8":0,"9":1,"10":0,"11":0,"12":1,"13":0,"14":0,"15":1,"16":0,"17":0,"18":0,"19":0,"20":0,"21":0,"22":0,"23":0,"24":0,"25":0,"26":0,"27":0,"28":0,"29":0,"30":1,"31":1,"32":0,"33":0,"34":0},"f":{"0":1,"1":0,"2":0,"3":0,"4":0,"5":0,"6":0,"7":0,"8":0},"b":{"0":[0,0],"1":[0,0],"2":[0,0],"3":[0,0,0],"4":[0,0],"5":[0,0],"6":[0,0],"7":[0,0],"8":[0,0],"9":[0,0,0,0],"10":[1,0],"11":[0,0]},"_coverageSchema":"43e27e138ebf9cfc5966b082cf9a028302ed4184","hash":"81703d44630f53e77506518d9fc8be8bef4557c5"}
,"/home/rabi/mobile_apps_dev/SE_19/project27/SmartphoneApps/Saarromanus/src/screens/sights-list/connector.js": {"path":"/home/rabi/mobile_apps_dev/SE_19/project27/SmartphoneApps/Saarromanus/src/screens/sights-list/connector.js","statementMap":{"0":{"start":{"line":9,"column":24},"end":{"line":11,"column":1}},"1":{"start":{"line":10,"column":1},"end":{"line":10,"column":54}},"2":{"start":{"line":13,"column":25},"end":{"line":13,"column":74}}},"fnMap":{"0":{"name":"(anonymous_0)","decl":{"start":{"line":9,"column":24},"end":{"line":9,"column":25}},"loc":{"start":{"line":9,"column":68},"end":{"line":11,"column":1}},"line":9}},"branchMap":{},"s":{"0":1,"1":1,"2":1},"f":{"0":1},"b":{},"_coverageSchema":"43e27e138ebf9cfc5966b082cf9a028302ed4184","hash":"f8fc4b04afadcad07363e0a8943bd94d9b70de6e"}
,"/home/rabi/mobile_apps_dev/SE_19/project27/SmartphoneApps/Saarromanus/src/screens/sights-list/index.js": {"path":"/home/rabi/mobile_apps_dev/SE_19/project27/SmartphoneApps/Saarromanus/src/screens/sights-list/index.js","statementMap":{},"fnMap":{},"branchMap":{},"s":{},"f":{},"b":{},"_coverageSchema":"43e27e138ebf9cfc5966b082cf9a028302ed4184","hash":"a897600cadfb088ee375727b1d793ff2b32a56b3"}
,"/home/rabi/mobile_apps_dev/SE_19/project27/SmartphoneApps/Saarromanus/src/screens/sights-list/styles.js": {"path":"/home/rabi/mobile_apps_dev/SE_19/project27/SmartphoneApps/Saarromanus/src/screens/sights-list/styles.js","statementMap":{},"fnMap":{},"branchMap":{},"s":{},"f":{},"b":{},"_coverageSchema":"43e27e138ebf9cfc5966b082cf9a028302ed4184","hash":"5aa3af492d20a20664668530e8cbb533ae951797"}
,"/home/rabi/mobile_apps_dev/SE_19/project27/SmartphoneApps/Saarromanus/src/store/index.js": {"path":"/home/rabi/mobile_apps_dev/SE_19/project27/SmartphoneApps/Saarromanus/src/store/index.js","statementMap":{"0":{"start":{"line":6,"column":23},"end":{"line":6,"column":45}},"1":{"start":{"line":15,"column":14},"end":{"line":25,"column":1}},"2":{"start":{"line":27,"column":0},"end":{"line":27,"column":29}}},"fnMap":{},"branchMap":{},"s":{"0":0,"1":0,"2":0},"f":{},"b":{},"hash":"ca122bfab5263b0651fdcfb1500c76435293685a"}
,"/home/rabi/mobile_apps_dev/SE_19/project27/SmartphoneApps/Saarromanus/src/utils/translator/index.js": {"path":"/home/rabi/mobile_apps_dev/SE_19/project27/SmartphoneApps/Saarromanus/src/utils/translator/index.js","statementMap":{"0":{"start":{"line":7,"column":0},"end":{"line":7,"column":22}},"1":{"start":{"line":8,"column":0},"end":{"line":12,"column":2}}},"fnMap":{},"branchMap":{},"s":{"0":7,"1":7},"f":{},"b":{},"_coverageSchema":"43e27e138ebf9cfc5966b082cf9a028302ed4184","hash":"0c0811b1551c5bc2960c943faaa982f1b4bb7b83"}
,"/home/rabi/mobile_apps_dev/SE_19/project27/SmartphoneApps/Saarromanus/src/utils/translator/locales/de/index.js": {"path":"/home/rabi/mobile_apps_dev/SE_19/project27/SmartphoneApps/Saarromanus/src/utils/translator/locales/de/index.js","statementMap":{"0":{"start":{"line":1,"column":11},"end":{"line":32,"column":1}}},"fnMap":{},"branchMap":{},"s":{"0":7},"f":{},"b":{},"_coverageSchema":"43e27e138ebf9cfc5966b082cf9a028302ed4184","hash":"eb6c2339a2e5555ad5db1a1ae5b74d8e1556baee"}
,"/home/rabi/mobile_apps_dev/SE_19/project27/SmartphoneApps/Saarromanus/src/utils/translator/locales/en/index.js": {"path":"/home/rabi/mobile_apps_dev/SE_19/project27/SmartphoneApps/Saarromanus/src/utils/translator/locales/en/index.js","statementMap":{"0":{"start":{"line":1,"column":11},"end":{"line":32,"column":1}}},"fnMap":{},"branchMap":{},"s":{"0":7},"f":{},"b":{},"_coverageSchema":"43e27e138ebf9cfc5966b082cf9a028302ed4184","hash":"f77028145d26d3d1d8b93e74f6e83d43545bd9d5"}
,"/home/rabi/mobile_apps_dev/SE_19/project27/SmartphoneApps/Saarromanus/src/utils/translator/locales/fr/index.js": {"path":"/home/rabi/mobile_apps_dev/SE_19/project27/SmartphoneApps/Saarromanus/src/utils/translator/locales/fr/index.js","statementMap":{"0":{"start":{"line":1,"column":11},"end":{"line":32,"column":1}}},"fnMap":{},"branchMap":{},"s":{"0":7},"f":{},"b":{},"_coverageSchema":"43e27e138ebf9cfc5966b082cf9a028302ed4184","hash":"f81935ef0a6475263f3a40ae009fdef52ea4baa4"}
}
